C51 COMPILER V9.60.7.0   MAIN                                                              01/28/2025 13:28:17 PAGE 1   


C51 COMPILER V9.60.7.0, COMPILATION OF MODULE MAIN
OBJECT MODULE PLACED IN .\Objects\main.obj
COMPILER INVOKED BY: C:\Software\Keil\C51\BIN\C51.EXE main.c OPTIMIZE(8,SPEED) BROWSE DEBUG OBJECTEXTEND PRINT(.\Listing
                    -s\main.lst) OBJECT(.\Objects\main.obj)

line level    source

   1          #include <REG52.H>
   2          /** 
   3           **  @brief    LED灯闪烁，大致一秒钟间隔
   4           **  @author   QIU
   5           **  @data     2023.08.24
   6           **/
   7          
   8          /*-------------------------------------------------------------------*/
   9          #define LED_PORT P2
  10          
  11          
  12          // typedef可以将一些复杂的关键字重命名
  13          typedef unsigned char u8; // 0-255，1字节
  14          typedef unsigned int u16; // 0-65535，2字节
  15          
  16          
  17          int main(void){
  18   1              // 声明延时函数
  19   1              void delay(u16 msec);
  20   1              while(1){
  21   2                      LED_PORT = 0xfe; // 1111 1110
  22   2                      delay(50000); // 软件仿真大约450ms
  23   2                      LED_PORT = 0xff; // 1111 1111
  24   2                      delay(50000); 
  25   2              }
  26   1      }
  27          
  28          // 延时函数 大致10微秒
  29          void delay(u16 msec){
  30   1              while(msec--);
  31   1      }


MODULE INFORMATION:   STATIC OVERLAYABLE
   CODE SIZE        =     33    ----
   CONSTANT SIZE    =   ----    ----
   XDATA SIZE       =   ----    ----
   PDATA SIZE       =   ----    ----
   DATA SIZE        =   ----    ----
   IDATA SIZE       =   ----    ----
   BIT SIZE         =   ----    ----
END OF MODULE INFORMATION.


C51 COMPILATION COMPLETE.  0 WARNING(S),  0 ERROR(S)
