C51 COMPILER V9.60.0.0   LED                                                               05/03/2023 16:36:11 PAGE 1   


C51 COMPILER V9.60.0.0, COMPILATION OF MODULE LED
OBJECT MODULE PLACED IN .\Objects\led.obj
COMPILER INVOKED BY: D:\MDK5\C51\BIN\C51.EXE led.c OPTIMIZE(8,SPEED) BROWSE DEBUG OBJECTEXTEND PRINT(.\Listings\led.lst)
                    - OBJECT(.\Objects\led.obj)

line level    source

   1          #include "led.h"
   2          
   3          // 定义led引脚
   4          #define LED_PORT P2
   5          
   6          /**
   7             *  @brief  指定某个LED亮
   8             *  @param  pos: 位置
   9             *  @retval 无
  10             */
  11          void led_on(u8 pos){
  12   1              LED_PORT &= ~(0x01<<(pos-1));
  13   1      }
  14          
  15          
  16          /**
  17             *  @brief  指定某个LED灭
  18             *  @param  pos: 位置
  19             *  @retval 无
  20             */
  21          void led_off(u8 pos){
  22   1              LED_PORT |= 0x01<<(pos-1);
  23   1      }
  24          
  25          
  26          /**
  27             *  @brief  指定位置LED翻转
  28             *  @param
  29             *  @retval
  30             */
  31          void led_turn(u8 pos){
  32   1              u8 port;
  33   1              port = (LED_PORT>>(pos-1))&0x01;
  34   1              if(port){
  35   2                      led_on(pos);
  36   2              }else{
  37   2                      led_off(pos);
  38   2              }
  39   1      }
  40          
  41          /**
  42             *  @brief  LED流水灯
  43             *  @param  time 延时时间
  44             *  @retval 无
  45             */
  46          void led_stream(u16 time){
  47   1              u8 i;
  48   1              for(i=0;i<8;i++){
  49   2                      led_on(i+1);
  50   2                      delay_10us(time);
  51   2              }
  52   1              
  53   1              // 全部熄灭
  54   1              for(i=0;i<8;i++){
C51 COMPILER V9.60.0.0   LED                                                               05/03/2023 16:36:11 PAGE 2   

  55   2                      led_off(i+1);
  56   2              }
  57   1      }
  58          
  59          
  60          
  61          /**
  62             *  @brief  LED跑马灯
  63             *  @param  time 延时时间
  64             *  @retval 无
  65             */
  66          void led_run(u16 time){
  67   1              u8 i;
  68   1              for(i=0;i<8;i++){
  69   2                      led_on(i+1);
  70   2                      delay_10us(time);
  71   2                      led_off(i+1);
  72   2              }
  73   1      }
  74          


MODULE INFORMATION:   STATIC OVERLAYABLE
   CODE SIZE        =    163    ----
   CONSTANT SIZE    =   ----    ----
   XDATA SIZE       =   ----    ----
   PDATA SIZE       =   ----    ----
   DATA SIZE        =   ----       6
   IDATA SIZE       =   ----    ----
   BIT SIZE         =   ----    ----
END OF MODULE INFORMATION.


C51 COMPILATION COMPLETE.  0 WARNING(S),  0 ERROR(S)
