C51 COMPILER V9.60.7.0   MAIN                                                              02/14/2024 19:31:34 PAGE 1   


C51 COMPILER V9.60.7.0, COMPILATION OF MODULE MAIN
OBJECT MODULE PLACED IN .\Objects\main.obj
COMPILER INVOKED BY: C:\Software\Keil\C51\BIN\C51.EXE main.c OPTIMIZE(8,SPEED) BROWSE DEBUG OBJECTEXTEND PRINT(.\Listing
                    -s\main.lst) OBJECT(.\Objects\main.obj)

line level    source

   1          #include "matrix_key.h"
   2          #include "smg.h"
   3          
   4          /** 
   5           **  @brief    ÂÆûÈ™åÁé∞Ë±°ÔºöÁü©ÈòµÊåâÈîÆÊåâ‰∏ãÔºåÊï∞Á†ÅÁÆ°ÊòæÁ§∫ÂØπÂ∫îÊï∞Â≠óÔºåÂêåÊó∂ËúÇÈ∏£Âô®‰ΩúÊåâÈîÆÊ
             -èêÁ§∫Èü≥
   6           **  @author   QIU
   7           **  @date     2023.05.08
   8           **/
   9          
  10          /*-------------------------------------------------------------------*/
  11          
  12          void main(){
  13   1              
  14   1              smg_showChar(' ', 1, false);
  15   1              
  16   1              while(1){
  17   2                      // ÂèçËΩ¨Ê≥ï
  18   2                      // check_matrixKey_turn();
  19   2                      // Êâ´ÊèèÊ≥ï
  20   2                      check_matrixKey_scan();
  21   2              }
  22   1      }


MODULE INFORMATION:   STATIC OVERLAYABLE
   CODE SIZE        =     14    ----
   CONSTANT SIZE    =   ----    ----
   XDATA SIZE       =   ----    ----
   PDATA SIZE       =   ----    ----
   DATA SIZE        =   ----    ----
   IDATA SIZE       =   ----    ----
   BIT SIZE         =   ----    ----
END OF MODULE INFORMATION.


C51 COMPILATION COMPLETE.  0 WARNING(S),  0 ERROR(S)
