C51 COMPILER V9.60.7.0   LED                                                               02/01/2024 15:08:05 PAGE 1   


C51 COMPILER V9.60.7.0, COMPILATION OF MODULE LED
OBJECT MODULE PLACED IN .\Objects\led.obj
COMPILER INVOKED BY: C:\Software\Keil\C51\BIN\C51.EXE led.c OPTIMIZE(8,SPEED) BROWSE DEBUG OBJECTEXTEND PRINT(.\Listings
                    -\led.lst) OBJECT(.\Objects\led.obj)

line level    source

   1          #include "led.h"
   2          
   3          /** 
   4           **  @brief    LED控制程序
   5           **  @author   QIU
   6           **  @data     2023.08.23
   7           **/
   8          
   9          /*-------------------------------------------------------------------*/
  10          
  11          
  12          /**
  13           **  @brief  指定某个LED亮
  14           **  @param  pos: 位置(1~8)
  15           **  @retval 无
  16           **/
  17          void led_on(u8 pos){
  18   1              LED_PORT &= ~(0x01<<(pos-1));
  19   1      }
  20          
  21          
  22          /**
  23           **  @brief  指定某个LED灭
  24           **  @param  pos: 位置(1~8)
  25           **  @retval 无
  26           **/
  27          void led_off(u8 pos){
  28   1              LED_PORT |= 0x01<<(pos-1);
  29   1      }
  30          
  31          
  32          /**
  33           **  @brief   指定位置LED翻转
  34           **  @param   pos：1—8
  35           **  @retval  无
  36           **/
  37          void led_turn(u8 pos){
  38   1              u8 port;
  39   1              port = (LED_PORT>>(pos-1))&0x01;
  40   1              if(port){
  41   2                      led_on(pos);
  42   2              }else{
  43   2                      led_off(pos);
  44   2              }
  45   1      }
  46          
  47          
  48          /**
  49           **  @brief   LED流水灯
  50           **  @param   time 延时时间
  51           **  @retval  无
  52           **/
  53          void led_stream(u16 time){
  54   1              u8 i;
C51 COMPILER V9.60.7.0   LED                                                               02/01/2024 15:08:05 PAGE 2   

  55   1              for(i=0;i<8;i++){
  56   2                      led_on(i+1);
  57   2                      delay_10us(time);
  58   2              }
  59   1              
  60   1              // 全部熄灭
  61   1              for(i=0;i<8;i++){
  62   2                      led_off(i+1);
  63   2              }
  64   1      }
  65          
  66          
  67          /**
  68           **  @brief   LED跑马灯
  69           **  @param   time 延时时间
  70           **  @retval  无
  71           **/
  72          void led_run(u16 time){
  73   1              u8 i;
  74   1              for(i=0;i<8;i++){
  75   2                      led_on(i+1);
  76   2                      delay_10us(time);
  77   2                      led_off(i+1);
  78   2              }
  79   1      }
  80          
  81          


MODULE INFORMATION:   STATIC OVERLAYABLE
   CODE SIZE        =    145    ----
   CONSTANT SIZE    =   ----    ----
   XDATA SIZE       =   ----    ----
   PDATA SIZE       =   ----    ----
   DATA SIZE        =   ----       6
   IDATA SIZE       =   ----    ----
   BIT SIZE         =   ----    ----
END OF MODULE INFORMATION.


C51 COMPILATION COMPLETE.  0 WARNING(S),  0 ERROR(S)
