C51 COMPILER V9.60.7.0   MAIN                                                              02/01/2024 15:48:32 PAGE 1   


C51 COMPILER V9.60.7.0, COMPILATION OF MODULE MAIN
OBJECT MODULE PLACED IN .\Objects\main.obj
COMPILER INVOKED BY: C:\Software\Keil\C51\BIN\C51.EXE main.c OPTIMIZE(8,SPEED) BROWSE DEBUG OBJECTEXTEND PRINT(.\Listing
                    -s\main.lst) OBJECT(.\Objects\main.obj)

line level    source

   1          #include "delay.h"
   2          #include "interrupt.h"
   3          #include "led.h"
   4          /** 
   5           **  @brief    以外部中断方式响应按键事件
   6           **  @author   QIU
   7           **  @data     2023.08.31
   8           **/
   9          
  10          /*-------------------------------------------------------------------*/
  11          
  12          
  13          // 定义引脚
  14          sbit btn4 = P3^3;
  15          
  16          
  17          void main(){
  18   1              INTx_init(1);
  19   1              while(1);
  20   1      }
  21          
  22          
  23          void INT1_serve() interrupt 2{
  24   1              if(btn4 == 0){
  25   2                      delay_ms(10);
  26   2                      // 按下消抖
  27   2                      if(btn4 == 0){
  28   3                              led_turn(1);
  29   3                      }
  30   2              }
  31   1      }
  32          
  33          


MODULE INFORMATION:   STATIC OVERLAYABLE
   CODE SIZE        =     81    ----
   CONSTANT SIZE    =   ----    ----
   XDATA SIZE       =   ----    ----
   PDATA SIZE       =   ----    ----
   DATA SIZE        =   ----    ----
   IDATA SIZE       =   ----    ----
   BIT SIZE         =   ----    ----
END OF MODULE INFORMATION.


C51 COMPILATION COMPLETE.  0 WARNING(S),  0 ERROR(S)
