C51 COMPILER V9.60.7.0   MAIN                                                              02/17/2024 15:58:56 PAGE 1   


C51 COMPILER V9.60.7.0, COMPILATION OF MODULE MAIN
OBJECT MODULE PLACED IN .\Objects\main.obj
COMPILER INVOKED BY: C:\Software\Keil\C51\BIN\C51.EXE main.c OPTIMIZE(8,SPEED) BROWSE DEBUG OBJECTEXTEND PRINT(.\Listing
                    -s\main.lst) OBJECT(.\Objects\main.obj)

line level    source

   1          #include "smg.h"
   2          #include "timer.h"
   3          /** 
   4           **  @brief    数码管定时器刷新
   5           **  @author   QIU
   6           **  @date     2024.02.13
   7           **/
   8           
   9          
  10          /*-------------------------------------------------------------------*/
  11           
  12           
  13          u8 dat[] = "LOVE3.14a";
  14          u8 pos = 1;
  15          
  16          
  17          void main(){
  18   1              // 配置定时器0
  19   1              TIMERx_init(0, 1843);
  20   1              TR0 = 1;
  21   1              
  22   1              // smg_showChar('f', 1, 0);  // 静态字符显示示例
  23   1              
  24   1              while(1){
  25   2                      // smg_showInt(-12345, 1);       // 整数显示示例
  26   2                      // smg_showString("Iloveyou", 1); // 字符串显示示例
  27   2                      // smg_showFloat(-3.15678, 3, 1); // 浮点数显示示例
  28   2              }
  29   1      }
  30          
  31          
  32          // 定时器0的中断服务程序模板
  33          void TIMER0_serve() interrupt 1{
  34   1              
  35   1              // 重装初值
  36   1              TL0 = (65536-2765)%256; //低8位
  37   1              TH0 = (65536-2765)/256; //高8位
  38   1              
  39   1              smg_showString_Bytimer(float2String(-3.1415927, 6), pos);
  40   1      //      smg_showString_Bytimer(int2String(-6432, true), pos);
  41   1      //      smg_showString_Bytimer(dat, pos);
  42   1      }


MODULE INFORMATION:   STATIC OVERLAYABLE
   CODE SIZE        =     97    ----
   CONSTANT SIZE    =   ----    ----
   XDATA SIZE       =   ----    ----
   PDATA SIZE       =   ----    ----
   DATA SIZE        =     11    ----
   IDATA SIZE       =   ----    ----
   BIT SIZE         =   ----    ----
END OF MODULE INFORMATION.


C51 COMPILATION COMPLETE.  0 WARNING(S),  0 ERROR(S)
