C51 COMPILER V9.60.7.0   MAIN                                                              01/28/2025 13:18:32 PAGE 1   


C51 COMPILER V9.60.7.0, COMPILATION OF MODULE MAIN
OBJECT MODULE PLACED IN .\Objects\main.obj
COMPILER INVOKED BY: C:\Software\Keil\C51\BIN\C51.EXE main.c OPTIMIZE(8,SPEED) BROWSE DEBUG OBJECTEXTEND PRINT(.\Listing
                    -s\main.lst) OBJECT(.\Objects\main.obj)

line level    source

   1          #include "REGX52.H"
   2          /** 
   3           **  @brief    静态数码管显示字符
   4           **  @author   QIU
   5           **  @date     2023.08.23
   6           **/
   7           
   8          /*-------------------------------------------------------------------*/
   9          #define SMG_PORT P0
  10          
  11          // 重定义数据类型
  12          typedef unsigned char u8;
  13          typedef unsigned int u16;
  14          
  15          // 共阴极数码管字形码编码
  16          u8 code smgduan[] = {0x3f,0x06,0x5b,0x4f,0x66, // 0 1 2 3 4
  17                                                   0x6d,0x7d,0x07,0x7f,0x6f, // 5 6 7 8 9
  18                                                   0x77,0x7c,0x58,0x5e,0x79, // A b c d E
  19                                                   0x71,0x76,0x30,0x0e,0x38, // F H I J L
  20                                                   0x54,0x5c,0x73,0x67,0x50, // n o p q r
  21                                                   0x6d,0x3e,0x1c,0x6e};     // s U v y  
  22          
  23          int main(void){
  24   1              // P0口控制数码管显示字符
  25   1              SMG_PORT = smgduan[14]; // E
  26   1              while(1);
  27   1      }


MODULE INFORMATION:   STATIC OVERLAYABLE
   CODE SIZE        =      9    ----
   CONSTANT SIZE    =     29    ----
   XDATA SIZE       =   ----    ----
   PDATA SIZE       =   ----    ----
   DATA SIZE        =   ----    ----
   IDATA SIZE       =   ----    ----
   BIT SIZE         =   ----    ----
END OF MODULE INFORMATION.


C51 COMPILATION COMPLETE.  0 WARNING(S),  0 ERROR(S)
