C51 COMPILER V9.60.7.0   MAIN                                                              02/10/2024 22:13:51 PAGE 1   


C51 COMPILER V9.60.7.0, COMPILATION OF MODULE MAIN
OBJECT MODULE PLACED IN .\Objects\main.obj
COMPILER INVOKED BY: C:\Software\Keil\C51\BIN\C51.EXE main.c OPTIMIZE(8,SPEED) BROWSE DEBUG OBJECTEXTEND PRINT(.\Listing
                    -s\main.lst) OBJECT(.\Objects\main.obj)

line level    source

   1          #include "music.h"
   2          #include "timer.h"
   3          
   4          #define MUSIC_SPEED 500
   5          
   6          sbit BEEP_PORT = P1^3;
   7          
   8          Music_Major_Scale Scale = D_Major_scale;   // D大调
   9          
  10          u8 num = 0; // 简谱索引
  11          u8 index;   // 钢琴谱频率索引
  12          
  13          u16 music_delay = 100; // 节拍
  14          
  15          int main(void){
  16   1              TIMERx_init(0, 4608); // 用于控制节拍，5ms
  17   1              TIMERx_init(1, 0); // 用于输出不同频率的音阶
  18   1              TR0 = 1;
  19   1      
  20   1              while(1);
  21   1      }
  22          
  23          
  24          
  25          // 定时器0的中断服务程序模板
  26          void TIMER0_serve() interrupt 1{
  27   1              static u16 counter = 0;
  28   1              u8 music_notation;
  29   1              
  30   1              TL0 = 0; //低8位
  31   1              TH0 = 238; //高8位
  32   1              
  33   1              counter++;
  34   1              if(counter == music_delay - 1){
  35   2                      // 每拍结束暂停5ms
  36   2                      TR1 = 0;
  37   2              }else if(counter >= music_delay){
  38   2                      counter = 0;
  39   2                      // 更新乐符
  40   2                      music_notation = music[num][0]; 
  41   2                      if(music_notation != 0xff){
  42   3                              // 更新节拍
  43   3                              music_delay = MUSIC_SPEED / music[num][1];
  44   3                              if(music_notation != 0){
  45   4                                      index = Mapping[Scale][music_notation - 1];
  46   4                                      TR1 = 1;
  47   4                              }
  48   3                              // 下一个音符
  49   3                              num++;
  50   3                      }else{
  51   3                              // 关闭，全曲终
  52   3                              TR0 = 0; 
  53   3                              TR1 = 0;
  54   3                      }
C51 COMPILER V9.60.7.0   MAIN                                                              02/10/2024 22:13:51 PAGE 2   

  55   2                      
  56   2              }
  57   1      }
  58          
  59          
  60          // 定时器1的中断服务程序模板
  61          void TIMER1_serve() interrupt 3{
  62   1              TL1 = music_Timer_init[index][1]; //低8位
  63   1              TH1 = music_Timer_init[index][0]; //高8位
  64   1              
  65   1              BEEP_PORT = !BEEP_PORT; // 取反
  66   1      }


MODULE INFORMATION:   STATIC OVERLAYABLE
   CODE SIZE        =    250    ----
   CONSTANT SIZE    =    258    ----
   XDATA SIZE       =   ----    ----
   PDATA SIZE       =   ----    ----
   DATA SIZE        =     70    ----
   IDATA SIZE       =   ----    ----
   BIT SIZE         =   ----    ----
END OF MODULE INFORMATION.


C51 COMPILATION COMPLETE.  0 WARNING(S),  0 ERROR(S)
