C51 COMPILER V9.60.7.0   MAIN                                                              04/05/2024 22:50:41 PAGE 1   


C51 COMPILER V9.60.7.0, COMPILATION OF MODULE MAIN
OBJECT MODULE PLACED IN .\Objects\main.obj
COMPILER INVOKED BY: C:\Software\Keil\C51\BIN\C51.EXE main.c OPTIMIZE(8,SPEED) BROWSE DEBUG OBJECTEXTEND PRINT(.\Listing
                    -s\main.lst) OBJECT(.\Objects\main.obj)

line level    source

   1          #include "WS2812.h"
   2          /** 
   3           **  @brief    WS2812驱动实验
   4           **  @author   QIU
   5           **  @date     2024.04.03
   6           **/
   7          
   8          /*-------------------------------------------------------------------*/
   9          
  10          
  11          u8 Red_Array[LED_MAX_NUM] = {
  12                  255, 230, 200, 180, 150, 120, 100, 60
  13          };
  14          u8 Green_Array[LED_MAX_NUM] = {
  15                  200, 30, 230, 80, 50, 20, 0, 160
  16          };
  17          u8 Blue_Array[LED_MAX_NUM] = {
  18                  210, 120, 20, 140, 250, 220, 120, 80
  19          };
  20          
  21          
  22          int main(void){
  23   1              
  24   1      //      WS2812_Stream_Mode(Red_Array, Green_Array, Blue_Array, 500);
  25   1              WS2812_Set_RGB(1, 0,0,0);
  26   1              WS2812_Update_RGB();
  27   1              while(1){
  28   2                      
  29   2              }
  30   1      }


MODULE INFORMATION:   STATIC OVERLAYABLE
   CODE SIZE        =     15    ----
   CONSTANT SIZE    =   ----    ----
   XDATA SIZE       =   ----    ----
   PDATA SIZE       =   ----    ----
   DATA SIZE        =     24    ----
   IDATA SIZE       =   ----    ----
   BIT SIZE         =   ----    ----
END OF MODULE INFORMATION.


C51 COMPILATION COMPLETE.  0 WARNING(S),  0 ERROR(S)
