C51 COMPILER V9.60.7.0   LED_MATRIX                                                        01/28/2025 16:14:26 PAGE 1   


C51 COMPILER V9.60.7.0, COMPILATION OF MODULE LED_MATRIX
OBJECT MODULE PLACED IN .\Objects\LED_Matrix.obj
COMPILER INVOKED BY: C:\Software\Keil\C51\BIN\C51.EXE LED_Matrix.c OPTIMIZE(8,SPEED) BROWSE DEBUG OBJECTEXTEND PRINT(.\L
                    -istings\LED_Matrix.lst) OBJECT(.\Objects\LED_Matrix.obj)

line level    source

   1          #include "LED_Matrix.h"
   2          /** 
   3           **  @brief    封装了74HC595芯片的LED点阵代码
   4           **  @author   QIU
   5           **  @date     2023.08.23
   6           **/
   7          /*-------------------------------------------------------------------*/
   8          
   9          /**
  10           **  @brief   74HC595串转并驱动代码
  11           **  @param   dat:8位串行数据
  12           **  @retval  返回值：无
  13           **/
  14          void LED_control(u8 dat){
  15   1              u8 i;
  16   1              // 将一个字节拆分成串行输入
  17   1              for(i=0;i<8;i++){
  18   2                      SER = dat >> 7; // 先将最高位送入SER中
  19   2                      dat <<= 1; // 左移1位(去掉最高位)更新数据
  20   2                      SH = 0; // 给移位寄存器时序脉冲
  21   2                      delay_10us(1);
  22   2                      SH = 1; // 检测到上升沿时将SER数据读入移位寄存器中
  23   2                      delay_10us(1);
  24   2              }
  25   1              ST = 0; // 当一个字节传输完毕，此时移位寄存器已满。给存储寄存器时序脉冲
  26   1              delay_10us(1);
  27   1              ST = 1; // 检测到上升沿时将移位寄存器中的8位数据全部读入存储寄存器中。通过
             -并行输出引脚可以直接检测到
  28   1              delay_10us(1);
  29   1      }
  30          
  31          /**
  32           **  @brief   LED点阵初始化
  33           **  @param   无
  34           **  @retval  返回值：无
  35           **/
  36          void LED_Init(void){
  37   1              LED_PORT = 0xff;
  38   1      }
  39          
  40          
  41          
  42          /**
  43            *  @brief 显示对应静态画面（8*8）
  44            *  @param datX：阴极，datY:阳极
  45            *  @retval
  46            */
  47          void LED_Animation_Show(u8 datX, u8 datY){
  48   1              LED_control(datY); //阳极码
  49   1              LED_PORT = ~(0x80>>datX);
  50   1              delay_10us(100);
  51   1              LED_Init(); //消影
  52   1      }

C51 COMPILER V9.60.7.0   LED_MATRIX                                                        01/28/2025 16:14:26 PAGE 2   


MODULE INFORMATION:   STATIC OVERLAYABLE
   CODE SIZE        =    107    ----
   CONSTANT SIZE    =   ----    ----
   XDATA SIZE       =   ----    ----
   PDATA SIZE       =   ----    ----
   DATA SIZE        =   ----       3
   IDATA SIZE       =   ----    ----
   BIT SIZE         =   ----    ----
END OF MODULE INFORMATION.


C51 COMPILATION COMPLETE.  0 WARNING(S),  0 ERROR(S)
