C51 COMPILER V9.60.7.0   LED                                                               01/29/2025 11:50:37 PAGE 1   


C51 COMPILER V9.60.7.0, COMPILATION OF MODULE LED
OBJECT MODULE PLACED IN .\Objects\led.obj
COMPILER INVOKED BY: C:\Software\Keil\C51\BIN\C51.EXE led.c OPTIMIZE(8,SPEED) BROWSE DEBUG OBJECTEXTEND PRINT(.\Listings
                    -\led.lst) OBJECT(.\Objects\led.obj)

line level    source

   1          #include "led.h"
   2          /** 
   3           **  @brief    LED控制程序
   4           **  @author   QIU
   5           **  @data     2023.08.23
   6           **/
   7          
   8          /*-------------------------------------------------------------------*/
   9          
  10          // 控制定时器流水灯执行的开关
  11          u8 flag_led_stream = false;
  12          
  13          
  14          /**
  15           **  @brief  指定某个LED亮
  16           **  @param  pos: 位置(1~8)
  17           **  @retval 无
  18           **/
  19          void led_on(u8 pos){
  20   1              LED_PORT &= ~(0x01<<(pos-1));
  21   1      }
  22          
  23          
  24          /**
  25           **  @brief  指定某个LED灭
  26           **  @param  pos: 位置(1~8)
  27           **  @retval 无
  28           **/
  29          void led_off(u8 pos){
  30   1              LED_PORT |= 0x01<<(pos-1);
  31   1      }
  32          
  33          
  34          /**
  35           **  @brief   指定位置LED翻转
  36           **  @param   pos：1—8
  37           **  @retval  无
  38           **/
  39          void led_turn(u8 pos){
  40   1              u8 port;
  41   1              port = (LED_PORT>>(pos-1)) & 0x01;
  42   1              if(port){
  43   2                      led_on(pos);
  44   2              }else{
  45   2                      led_off(pos);
  46   2              }
  47   1      }
  48          
  49          
  50          /**
  51           **  @brief   LED流水灯
  52           **  @param   time 延时时间
  53           **  @retval  无
  54           **/
C51 COMPILER V9.60.7.0   LED                                                               01/29/2025 11:50:37 PAGE 2   

  55          void led_stream(u16 time){
  56   1              u8 i;
  57   1              for(i=0;i<8;i++){
  58   2                      led_on(i+1);
  59   2                      delay_10us(time);
  60   2              }
  61   1              
  62   1              // 全部熄灭
  63   1              for(i=0;i<8;i++){
  64   2                      led_off(i+1);
  65   2              }
  66   1      }
  67          
  68          
  69          /**
  70           **  @brief   LED跑马灯
  71           **  @param   time 延时时间
  72           **  @retval  无
  73           **/
  74          void led_run(u16 time){
  75   1              u8 i;
  76   1              for(i=0;i<8;i++){
  77   2                      led_on(i+1);
  78   2                      delay_10us(time);
  79   2                      led_off(i+1);
  80   2              }
  81   1      }
  82          
  83          
  84          
  85          /**
  86           **  @brief   LED流水灯（定时器控制）
  87           **  @param   无
  88           **  @retval  无
  89           **/
  90          void led_stream_byTimer(){
  91   1              static u8 pos = 1;
  92   1              u8 i;
  93   1              
  94   1              if(pos > 8){
  95   2                      // 只执行一次
  96   2                      // flag_led_stream = false;
  97   2                      pos = 1;
  98   2                      // 全部熄灭
  99   2                      for(i=0;i<8;i++){
 100   3                              led_off(i+1);
 101   3                      }
 102   2              }else{
 103   2                      led_on(pos);
 104   2                      pos++;
 105   2              }
 106   1      }
 107          
 108          
 109          /**
 110           **  @brief   LED跑马灯（定时器控制）
 111           **  @param   无
 112           **  @retval  无
 113           **/
 114          void led_run_byTimer(){
 115   1              static u8 pos = 1;
 116   1              
C51 COMPILER V9.60.7.0   LED                                                               01/29/2025 11:50:37 PAGE 3   

 117   1              if(pos == 1 || pos > 8){
 118   2                      pos = 1;
 119   2                      led_on(pos);
 120   2                      led_off(8);
 121   2                      pos++;
 122   2              }else{
 123   2                      led_off(pos-1);
 124   2                      led_on(pos);
 125   2                      pos++;
 126   2              }
 127   1      }
 128          


MODULE INFORMATION:   STATIC OVERLAYABLE
   CODE SIZE        =    220    ----
   CONSTANT SIZE    =   ----    ----
   XDATA SIZE       =   ----    ----
   PDATA SIZE       =   ----    ----
   DATA SIZE        =      3       6
   IDATA SIZE       =   ----    ----
   BIT SIZE         =   ----    ----
END OF MODULE INFORMATION.


C51 COMPILATION COMPLETE.  0 WARNING(S),  0 ERROR(S)
