C51 COMPILER V9.60.7.0   MAIN                                                              01/29/2025 11:55:55 PAGE 1   


C51 COMPILER V9.60.7.0, COMPILATION OF MODULE MAIN
OBJECT MODULE PLACED IN .\Objects\main.obj
COMPILER INVOKED BY: C:\Software\Keil\C51\BIN\C51.EXE main.c OPTIMIZE(8,SPEED) BROWSE DEBUG OBJECTEXTEND PRINT(.\Listing
                    -s\main.lst) OBJECT(.\Objects\main.obj)

line level    source

   1          #include "key.h"
   2          #include "smg.h"
   3          /** 
   4           **  @brief    独立按键组合键的单次响应与连续响应
   5           **            1. 按键1，按键2同时按下，LED切换为流水灯模式。（按下响应）
   6           **            2. 按键2，按键3同时按下，LED切换为跑马灯模式。（按下响应）
   7           **            3. 按键3，按键4同时按下，LED模式速度持续减慢。（连续响应）
   8           **  @author   QIU
   9           **  @date     2023.08.31
  10           **/
  11          
  12          /*-------------------------------------------------------------------*/
  13          
  14          
  15          int main(void){
  16   1              
  17   1              smg_showChar('0', 1, false); // 初始为0
  18   1              while(1){
  19   2                      // 扫描按键
  20   2                      scan_key();
  21   2                      // 检查按键
  22   2                      check_key();
  23   2              }
  24   1      }


MODULE INFORMATION:   STATIC OVERLAYABLE
   CODE SIZE        =     17    ----
   CONSTANT SIZE    =   ----    ----
   XDATA SIZE       =   ----    ----
   PDATA SIZE       =   ----    ----
   DATA SIZE        =   ----    ----
   IDATA SIZE       =   ----    ----
   BIT SIZE         =   ----    ----
END OF MODULE INFORMATION.


C51 COMPILATION COMPLETE.  0 WARNING(S),  0 ERROR(S)
