C51 COMPILER V9.60.7.0   LED                                                               02/08/2024 16:13:53 PAGE 1   


C51 COMPILER V9.60.7.0, COMPILATION OF MODULE LED
OBJECT MODULE PLACED IN .\Objects\led.obj
COMPILER INVOKED BY: C:\Software\Keil\C51\BIN\C51.EXE led.c OPTIMIZE(8,SPEED) BROWSE DEBUG OBJECTEXTEND PRINT(.\Listings
                    -\led.lst) OBJECT(.\Objects\led.obj)

line level    source

   1          #include "led.h"
   2          
   3          /** 
   4           **  @brief    LED控制程序
   5           **  @author   QIU
   6           **  @data     2023.08.23
   7           **/
   8          
   9          /*-------------------------------------------------------------------*/
  10          
  11          // 控制定时器流水灯执行的开关
  12          u8 flag_led_stream = false;
  13          
  14          
  15          
  16          /**
  17           **  @brief  指定某个LED亮
  18           **  @param  pos: 位置(1~8)
  19           **  @retval 无
  20           **/
  21          void led_on(u8 pos){
  22   1              LED_PORT &= ~(0x01<<(pos-1));
  23   1      }
  24          
  25          
  26          /**
  27           **  @brief  指定某个LED灭
  28           **  @param  pos: 位置(1~8)
  29           **  @retval 无
  30           **/
  31          void led_off(u8 pos){
  32   1              LED_PORT |= 0x01<<(pos-1);
  33   1      }
  34          
  35          
  36          /**
  37           **  @brief   指定位置LED翻转
  38           **  @param   pos：1—8
  39           **  @retval  无
  40           **/
  41          void led_turn(u8 pos){
  42   1              u8 port;
  43   1              port = (LED_PORT>>(pos-1))&0x01;
  44   1              if(port){
  45   2                      led_on(pos);
  46   2              }else{
  47   2                      led_off(pos);
  48   2              }
  49   1      }
  50          
  51          
  52          /**
  53           **  @brief   LED流水灯
  54           **  @param   time 延时时间
C51 COMPILER V9.60.7.0   LED                                                               02/08/2024 16:13:53 PAGE 2   

  55           **  @retval  无
  56           **/
  57          void led_stream(u16 time){
  58   1              u8 i;
  59   1              for(i=0;i<8;i++){
  60   2                      led_on(i+1);
  61   2                      delay_10us(time);
  62   2              }
  63   1              
  64   1              // 全部熄灭
  65   1              for(i=0;i<8;i++){
  66   2                      led_off(i+1);
  67   2              }
  68   1      }
  69          
  70          
  71          /**
  72           **  @brief   LED跑马灯
  73           **  @param   time 延时时间
  74           **  @retval  无
  75           **/
  76          void led_run(u16 time){
  77   1              u8 i;
  78   1              for(i=0;i<8;i++){
  79   2                      led_on(i+1);
  80   2                      delay_10us(time);
  81   2                      led_off(i+1);
  82   2              }
  83   1      }
  84          
  85          
  86          
  87          /**
  88           **  @brief   LED流水灯（定时器控制）
  89           **  @param   无
  90           **  @retval  无
  91           **/
  92          void led_stream_byTimer(){
  93   1              static u8 pos = 1;
  94   1              u8 i;
  95   1              
  96   1              if(pos > 8){
  97   2                      // 只执行一次
  98   2                      flag_led_stream = false;
  99   2                      pos = 1;
 100   2                      // 全部熄灭
 101   2                      for(i=0;i<8;i++){
 102   3                              led_off(i+1);
 103   3                      }
 104   2              }else{
 105   2                      led_on(pos);
 106   2                      pos++;
 107   2              }
 108   1      
 109   1      
 110   1      }
 111          
 112          
 113          /**
 114           **  @brief   LED跑马灯（定时器控制）
 115           **  @param   无
 116           **  @retval  无
C51 COMPILER V9.60.7.0   LED                                                               02/08/2024 16:13:53 PAGE 3   

 117           **/
 118          void led_run_byTimer(){
 119   1              static u8 pos = 1;
 120   1              
 121   1              if(pos == 1 || pos > 8){
 122   2                      pos = 1;
 123   2                      led_on(pos);
 124   2                      led_off(8);
 125   2                      pos++;
 126   2              }else{
 127   2                      led_off(pos-1);
 128   2                      led_on(pos);
 129   2                      pos++;
 130   2              }
 131   1      }
 132          


MODULE INFORMATION:   STATIC OVERLAYABLE
   CODE SIZE        =    222    ----
   CONSTANT SIZE    =   ----    ----
   XDATA SIZE       =   ----    ----
   PDATA SIZE       =   ----    ----
   DATA SIZE        =      3       6
   IDATA SIZE       =   ----    ----
   BIT SIZE         =   ----    ----
END OF MODULE INFORMATION.


C51 COMPILATION COMPLETE.  0 WARNING(S),  0 ERROR(S)
