C51 COMPILER V9.60.7.0   MAIN                                                              01/28/2024 20:35:17 PAGE 1   


C51 COMPILER V9.60.7.0, COMPILATION OF MODULE MAIN
OBJECT MODULE PLACED IN .\Objects\main.obj
COMPILER INVOKED BY: C:\Software\Keil\C51\BIN\C51.EXE main.c OPTIMIZE(8,SPEED) BROWSE DEBUG OBJECTEXTEND PRINT(.\Listing
                    -s\main.lst) OBJECT(.\Objects\main.obj)

line level    source

   1          #include "LED_Matrix.h"
   2          
   3          #define SPEED 8 // 动画速度
   4          
   5          u8 code WindMill_Animation_Array[] = {
   6                  0x40,0x63,0x36,0x1C,0x38,0x6C,0xC6,0x02,
   7                  0x0C,0x18,0x90,0xDE,0x7B,0x09,0x18,0x30,
   8                  0x02,0xC6,0x6C,0x38,0x1C,0x36,0x63,0x40,
   9          };
  10          
  11          
  12          void main(){
  13   1              u8 i, t=0, step=0;
  14   1              while(1){
  15   2                      for(i=0;i<8;i++){
  16   3                              LED_Animation_Show(i, WindMill_Animation_Array[i+step]);
  17   3                      }
  18   2                      t++;
  19   2                      if(t > SPEED){
  20   3                              t = 0;
  21   3                              step += 8;
  22   3                              if(step > sizeof(WindMill_Animation_Array)/sizeof(WindMill_Animation_Array[0]) - 8){
  23   4                                      step = 0;
  24   4                              }
  25   3                      }
  26   2              }
  27   1      }


MODULE INFORMATION:   STATIC OVERLAYABLE
   CODE SIZE        =     59    ----
   CONSTANT SIZE    =     24    ----
   XDATA SIZE       =   ----    ----
   PDATA SIZE       =   ----    ----
   DATA SIZE        =   ----       3
   IDATA SIZE       =   ----    ----
   BIT SIZE         =   ----    ----
END OF MODULE INFORMATION.


C51 COMPILATION COMPLETE.  0 WARNING(S),  0 ERROR(S)
