C51 COMPILER V9.60.7.0   BEEP                                                              01/29/2025 16:06:59 PAGE 1   


C51 COMPILER V9.60.7.0, COMPILATION OF MODULE BEEP
OBJECT MODULE PLACED IN .\Objects\beep.obj
COMPILER INVOKED BY: C:\Software\Keil\C51\BIN\C51.EXE beep.c OPTIMIZE(8,SPEED) BROWSE DEBUG OBJECTEXTEND PRINT(.\Listing
                    -s\beep.lst) OBJECT(.\Objects\beep.obj)

line level    source

   1          #include "beep.h"
   2          /** 
   3           **  @brief    蜂鸣器功能封装
   4           **  @author   QIU
   5           **  @date     2023.08.23
   6           **/
   7          /*-------------------------------------------------------------------*/
   8          
   9          /**
  10           **  @brief   蜂鸣器单响
  11           **  @param   t：持续时长
  12           **  @param   fre：频率HZ
  13           **  @retval  返回值
  14           **/
  15          void beep_once(u8 t, u16 fre){
  16   1              while(t--){
  17   2                      BEEP_PORT = !BEEP_PORT; // 取反
  18   2                      delay_10us(5e4/fre);
  19   2              }
  20   1      }


MODULE INFORMATION:   STATIC OVERLAYABLE
   CODE SIZE        =     51    ----
   CONSTANT SIZE    =   ----    ----
   XDATA SIZE       =   ----    ----
   PDATA SIZE       =   ----    ----
   DATA SIZE        =   ----       3
   IDATA SIZE       =   ----    ----
   BIT SIZE         =   ----    ----
END OF MODULE INFORMATION.


C51 COMPILATION COMPLETE.  0 WARNING(S),  0 ERROR(S)
