C51 COMPILER V9.60.7.0   MAIN                                                              01/28/2025 13:30:24 PAGE 1   


C51 COMPILER V9.60.7.0, COMPILATION OF MODULE MAIN
OBJECT MODULE PLACED IN .\Objects\main.obj
COMPILER INVOKED BY: C:\Software\Keil\C51\BIN\C51.EXE main.c OPTIMIZE(8,SPEED) BROWSE DEBUG OBJECTEXTEND PRINT(.\Listing
                    -s\main.lst) OBJECT(.\Objects\main.obj)

line level    source

   1          #include <REGX52.H>
   2          #include <INTRINS.H> // 定义了移位函数
   3          /** 
   4           **  @brief    跑马灯的三种实现方式
   5           **  @author   QIU
   6           **  @data     2023.08.24
   7           **/
   8           
   9           /*-------------------------------------------------------------------*/
  10          #define LED_PORT P2
  11          #define DELAY_TIME 20000 // 设置流水灯时间间隔
  12          
  13          typedef unsigned char u8;
  14          typedef unsigned int u16;
  15          
  16          void delay(u16 sec){
  17   1              while(sec--);
  18   1      }
  19          
  20          /*
  21          // 法一：列举法，流水灯一共8种状态。
  22          void ledTest_1(){
  23                  LED_PORT = 0xfe; // 1111 1110
  24                  delay(DELAY_TIME);
  25                  LED_PORT = 0xfd; // 1111 1101
  26                  delay(DELAY_TIME);
  27                  LED_PORT = 0xfb; // 1111 1011
  28                  delay(DELAY_TIME);
  29                  LED_PORT = 0xf7; // 1111 0111
  30                  delay(DELAY_TIME);
  31                  LED_PORT = 0xef; // 1110 1111
  32                  delay(DELAY_TIME);
  33                  LED_PORT = 0xdf; // 1101 1111
  34                  delay(DELAY_TIME);
  35                  LED_PORT = 0xbf; // 1011 1111
  36                  delay(DELAY_TIME);
  37                  LED_PORT  = 0x7f; // 0111 1111
  38                  delay(DELAY_TIME);
  39          }
  40          */
  41          
  42          /*
  43          // 法二：使用左移和取反运算，配合循环实现
  44          void ledTest_2(){
  45                  u8 i;
  46                  for(i=0;i<8;i++){
  47                          LED_PORT = ~(0x01<<i); // 将1左移i位后补0，取反，即第i+1位灯亮
  48                          delay(50000); // 延迟450ms
  49                  }
  50          }
  51          */
  52          
  53          // 法三：使用左移函数_crol_()
  54          void ledTest_3(){
C51 COMPILER V9.60.7.0   MAIN                                                              01/28/2025 13:30:24 PAGE 2   

  55   1              LED_PORT = _crol_(LED_PORT, 1);  // 左移1位（跟左移运算符不同，高位循环补至低位）
  56   1              delay(50000); // 延迟450ms
  57   1      }
  58          
  59          
  60          int main(void){
  61   1              // 法三：先初始化P2
  62   1              LED_PORT = 0xfe;
  63   1              delay(50000); // 延迟450ms
  64   1              
  65   1              while(1){
  66   2      //              ledTest_1();
  67   2      //              ledTest_2();
  68   2                      ledTest_3();
  69   2              }
  70   1      }


MODULE INFORMATION:   STATIC OVERLAYABLE
   CODE SIZE        =     46    ----
   CONSTANT SIZE    =   ----    ----
   XDATA SIZE       =   ----    ----
   PDATA SIZE       =   ----    ----
   DATA SIZE        =   ----    ----
   IDATA SIZE       =   ----    ----
   BIT SIZE         =   ----    ----
END OF MODULE INFORMATION.


C51 COMPILATION COMPLETE.  0 WARNING(S),  0 ERROR(S)
