C51 COMPILER V9.60.7.0   MAIN                                                              01/28/2025 13:47:33 PAGE 1   


C51 COMPILER V9.60.7.0, COMPILATION OF MODULE MAIN
OBJECT MODULE PLACED IN .\Objects\main.obj
COMPILER INVOKED BY: C:\Software\Keil\C51\BIN\C51.EXE main.c OPTIMIZE(8,SPEED) BROWSE DEBUG OBJECTEXTEND PRINT(.\Listing
                    -s\main.lst) OBJECT(.\Objects\main.obj)

line level    source

   1          #include <REGX52.H>
   2          /** 
   3           **  @brief    动态数码管显示I Love You
   4           **  @author   QIU
   5           **  @date     2023.08.23
   6           **/
   7           /*-------------------------------------------------------------------*/
   8          #define SMG_SELECT_PORT P2 // 位选端口
   9          #define SMG_PORT P0
  10          
  11          typedef unsigned char u8;
  12          typedef unsigned int u16;
  13          
  14          // 共阴数码管码表(I LOVE YOU)
  15          u8 code smg_array[] = {0x30,0x38,0x3f,0x3e,0x79,0x6e,0x3f,0x3e};
  16          
  17          sbit A0 = SMG_SELECT_PORT^2;
  18          sbit A1 = SMG_SELECT_PORT^3;
  19          sbit A2 = SMG_SELECT_PORT^4;            
  20          
  21          
  22          void delay(u16 t){
  23   1              while(t--);
  24   1      }                       
  25                           
  26          // 位选码，利用十进制取余
  27          void Dec2Bin(u8 i){
  28   1              A0 = i % 2;
  29   1              i /= 2;
  30   1              A1 = i % 2;
  31   1              i /= 2;
  32   1              A2 = i % 2;
  33   1      }
  34          
  35          int main(void){
  36   1              u8 i;
  37   1              while(1){
  38   2                      for(i=0;i<8;i++){
  39   3                              Dec2Bin(i); // 给38译码器赋值
  40   3                              SMG_PORT = smg_array[7-i];
  41   3                              delay(100); // 1ms,实验测试5ms以上能察觉出闪烁
  42   3                              SMG_PORT  = 0x00; // 消除重影
  43   3                      }
  44   2              }
  45   1      }


MODULE INFORMATION:   STATIC OVERLAYABLE
   CODE SIZE        =     77    ----
   CONSTANT SIZE    =      8    ----
   XDATA SIZE       =   ----    ----
   PDATA SIZE       =   ----    ----
   DATA SIZE        =   ----    ----
   IDATA SIZE       =   ----    ----
C51 COMPILER V9.60.7.0   MAIN                                                              01/28/2025 13:47:33 PAGE 2   

   BIT SIZE         =   ----    ----
END OF MODULE INFORMATION.


C51 COMPILATION COMPLETE.  0 WARNING(S),  0 ERROR(S)
