C51 COMPILER V9.60.7.0   MAIN                                                              03/10/2024 17:55:19 PAGE 1   


C51 COMPILER V9.60.7.0, COMPILATION OF MODULE MAIN
OBJECT MODULE PLACED IN .\Objects\main.obj
COMPILER INVOKED BY: C:\Software\Keil\C51\BIN\C51.EXE main.c OPTIMIZE(8,SPEED) BROWSE DEBUG OBJECTEXTEND PRINT(.\Listing
                    -s\main.lst) OBJECT(.\Objects\main.obj)

line level    source

   1          #include "public.h"
   2          #include "uart.h"
   3          /** 
   4           **  @brief    串口回显实验
   5           **  @author   QIU
   6           **  @date     2024.03.10
   7           **/
   8           
   9           /*-------------------------------------------------------------------*/
  10           
  11           
  12          void main(void){
  13   1              Uart_Init(9600);
  14   1              Uart_sendString("hello world!");
  15   1              Uart_sendFloat(3.141592653);
  16   1              Uart_sendInt((u8)sizeof(double));
  17   1              while(1);
  18   1      }
  19          
  20          
  21          // 串口中断服务函数模板
  22          void UART_serve() interrupt 4{
  23   1              // 当接收进入中断时
  24   1              if(RI){
  25   2                      RI = 0; // 先清标志位
  26   2                      Uart_sendByte(SBUF); // 转发
  27   2              }
  28   1      }
  29          
  30          
  31          
  32          


MODULE INFORMATION:   STATIC OVERLAYABLE
   CODE SIZE        =    106    ----
   CONSTANT SIZE    =     13    ----
   XDATA SIZE       =   ----    ----
   PDATA SIZE       =   ----    ----
   DATA SIZE        =   ----    ----
   IDATA SIZE       =   ----    ----
   BIT SIZE         =   ----    ----
END OF MODULE INFORMATION.


C51 COMPILATION COMPLETE.  0 WARNING(S),  0 ERROR(S)
