C51 COMPILER V9.60.7.0   MAIN                                                              01/28/2024 20:36:40 PAGE 1   


C51 COMPILER V9.60.7.0, COMPILATION OF MODULE MAIN
OBJECT MODULE PLACED IN .\Objects\main.obj
COMPILER INVOKED BY: C:\Software\Keil\C51\BIN\C51.EXE main.c OPTIMIZE(8,SPEED) BROWSE DEBUG OBJECTEXTEND PRINT(.\Listing
                    -s\main.lst) OBJECT(.\Objects\main.obj)

line level    source

   1          #include "LED_Matrix.h"
   2          
   3          #define SPEED 50
   4          
   5          // 2022年12月30日
   6          u8 code Animation_Array[] = {
   7                  0x61,0x83,0x85,0x89,0x71,0x00,0x7E,0x81,
   8                  0x81,0x7E,0x00,0x61,0x83,0x85,0x89,0x71,
   9                  0x00,0x61,0x83,0x85,0x89,0x71,0x00,0x44,
  10                  0xDC,0x54,0x7F,0x54,0x44,0x00,0x40,0xFF,
  11                  0x00,0x61,0x83,0x85,0x89,0x71,0x00,0x01,
  12                  0xFE,0xA8,0x82,0xFF,0x00,0x42,0x91,0x99,
  13                  0x66,0x00,0x7E,0x81,0x81,0x7E,0x00,0xFF,
  14                  0x91,0x91,0xFF,0x00,0x00,0x00,0x00,0x00,
  15                  0x00,0x00,0x00,};
  16          
  17          
  18          void main(){
  19   1              u8 i, count=0, j=0;
  20   1              LED_Init();
  21   1              while(1){
  22   2                      for(i=0;i<8;i++){
  23   3                              LED_Animation_Show(i, Animation_Array[i+j]);
  24   3                      }
  25   2                      count++;
  26   2                      if(count > SPEED){
  27   3                              count = 0;
  28   3                              j++; // 移动
  29   3                              if(j > sizeof(Animation_Array)/sizeof(Animation_Array[0]) - 8){
  30   4                                      j = 0;
  31   4                              }
  32   3                      }
  33   2              }
  34   1      }
  35          
  36          
  37                  
  38                  


MODULE INFORMATION:   STATIC OVERLAYABLE
   CODE SIZE        =     60    ----
   CONSTANT SIZE    =     67    ----
   XDATA SIZE       =   ----    ----
   PDATA SIZE       =   ----    ----
   DATA SIZE        =   ----       3
   IDATA SIZE       =   ----    ----
   BIT SIZE         =   ----    ----
END OF MODULE INFORMATION.


C51 COMPILATION COMPLETE.  0 WARNING(S),  0 ERROR(S)
