C51 COMPILER V9.60.7.0   MAIN                                                              01/28/2025 15:55:18 PAGE 1   


C51 COMPILER V9.60.7.0, COMPILATION OF MODULE MAIN
OBJECT MODULE PLACED IN .\Objects\main.obj
COMPILER INVOKED BY: C:\Software\Keil\C51\BIN\C51.EXE main.c OPTIMIZE(8,SPEED) BROWSE DEBUG OBJECTEXTEND PRINT(.\Listing
                    -s\main.lst) OBJECT(.\Objects\main.obj)

line level    source

   1          #include <REGX52.H>
   2          /** 
   3           **  @brief    LED点阵点亮爱心，动态扫描
   4           **  @author   QIU
   5           **  @date     2023.08.23
   6           **/
   7          
   8          /*-------------------------------------------------------------------*/
   9          #define LED_PORT P0
  10          
  11          typedef unsigned char u8;
  12          typedef unsigned int u16;
  13          
  14          sbit SER = P3^4; // 串行输入
  15          sbit ST = P3^5; // 存储寄存器时钟引脚
  16          sbit SH = P3^6; // 移位存储器时钟引脚
  17          
  18          u8 code LED_portX_Array[] = {0x7e,0xbd,0xdb,0xe7};
  19          u8 code LED_portY_Array[] = {0x38,0x7c,0x7e,0x3f};
  20          
  21          
  22          void delay(u16 t){
  23   1              while(t--);
  24   1      }
  25          
  26          void LED_control(u8 dat){
  27   1              u8 i;
  28   1              // 将一个字节拆分成串行输入
  29   1              for(i=0;i<8;i++){
  30   2                      SER = dat >> 7; // 先将最高位送入SER中
  31   2                      dat <<= 1; // 左移1位(去掉最高位)更新数据
  32   2                      SH = 0; // 给移位寄存器时序脉冲
  33   2                      delay(1);
  34   2                      SH = 1; // 检测到上升沿时将SER数据读入移位寄存器中
  35   2                      delay(1);
  36   2              }
  37   1              ST = 0; // 当一个字节传输完毕，此时移位寄存器已满。给存储寄存器时序脉冲
  38   1              delay(1);
  39   1              ST = 1; // 检测到上升沿时将移位寄存器中的8位数据全部读入存储寄存器中。通过
             -并行输出引脚可以直接检测到
  40   1              delay(1);
  41   1      }
  42          
  43          
  44          int main(void){
  45   1              u8 i; // 必须先定义，放在第一个
  46   1              P0 = 0xff; // 初始全熄灭
  47   1              while(1){
  48   2                      for(i=0;i<4;i++){
  49   3                              LED_control(0x00);
  50   3                              LED_control(LED_portY_Array[i]);
  51   3                              P0 = LED_portX_Array[i];
  52   3                              delay(100); //1ms
  53   3                      }
C51 COMPILER V9.60.7.0   MAIN                                                              01/28/2025 15:55:18 PAGE 2   

  54   2              }
  55   1      }


MODULE INFORMATION:   STATIC OVERLAYABLE
   CODE SIZE        =    101    ----
   CONSTANT SIZE    =      8    ----
   XDATA SIZE       =   ----    ----
   PDATA SIZE       =   ----    ----
   DATA SIZE        =   ----    ----
   IDATA SIZE       =   ----    ----
   BIT SIZE         =   ----    ----
END OF MODULE INFORMATION.


C51 COMPILATION COMPLETE.  0 WARNING(S),  0 ERROR(S)
