C51 COMPILER V9.60.7.0   TIMER                                                             01/29/2025 11:17:23 PAGE 1   


C51 COMPILER V9.60.7.0, COMPILATION OF MODULE TIMER
OBJECT MODULE PLACED IN .\Objects\timer.obj
COMPILER INVOKED BY: C:\Software\Keil\C51\BIN\C51.EXE timer.c OPTIMIZE(8,SPEED) BROWSE DEBUG OBJECTEXTEND PRINT(.\Listin
                    -gs\timer.lst) OBJECT(.\Objects\timer.obj)

line level    source

   1          #include "timer.h"
   2          /** 
   3           **  @brief    定时器封装
   4           **  @author   QIU
   5           **  @data     2023.08.31
   6           **/
   7           
   8          /*-------------------------------------------------------------------*/
   9           
  10          
  11          /**
  12           **  @brief   定时器x的初始化
  13           **  @param   num：定时器初值
  14           **  @retval  无
  15           **/
  16          void TIMERx_init(u8 x, u16 num){
  17   1              switch(x){
  18   2                      case 0:
  19   2                              // 1.配置TMOD工作方式
  20   2                              TMOD |= 0x01; // 配置定时器T0，同时不改变T1的配置
  21   2                              // 2.计算初值，存入TH0、TL0
  22   2                              TL0 = (65536-num)%256; // 低8位
  23   2                              TH0 = (65536-num)/256; // 高8位
  24   2                              // 3.打开中断总开关EA和定时器中断允许位ET0
  25   2                              EA = 1;
  26   2                              ET0 = 1;
  27   2                              // 4.打开定时器
  28   2                              // TR0 = 1;
  29   2                              break;
  30   2                      case 1:
  31   2                              // 1.配置TMOD工作方式
  32   2                              TMOD |= 0x10; //配置定时器T1，同时不改变T0的配置
  33   2                              // 2.计算初值，存入TH1、TL1
  34   2                              TL1 = (65536-num)%256; //低8位
  35   2                              TH1 = (65536-num)/256; //高8位
  36   2                              // 3.打开中断总开关EA和定时器中断允许位ET1
  37   2                              EA = 1;
  38   2                              ET1 = 1;
  39   2                              // 4.打开定时器
  40   2                              // TR1 = 1;
  41   2                              break;
  42   2              }
  43   1      }
  44          
  45          
  46          
  47          //// 定时器0的中断服务程序模板
  48          //void TIMER0_serve() interrupt 1{
  49          //      TL0 = (65536-num)%256; // 低8位
  50          //      TH0 = (65536-num)/256; // 高8位
  51          //}
  52          
  53          //// 定时器1的中断服务程序模板
  54          //void TIMER1_serve() interrupt 3{
C51 COMPILER V9.60.7.0   TIMER                                                             01/29/2025 11:17:23 PAGE 2   

  55          //      TL1 = (65536-num)%256; // 低8位
  56          //      TH1 = (65536-num)/256; // 高8位
  57          //}
  58          
  59          


MODULE INFORMATION:   STATIC OVERLAYABLE
   CODE SIZE        =    174    ----
   CONSTANT SIZE    =   ----    ----
   XDATA SIZE       =   ----    ----
   PDATA SIZE       =   ----    ----
   DATA SIZE        =   ----       2
   IDATA SIZE       =   ----    ----
   BIT SIZE         =   ----    ----
END OF MODULE INFORMATION.


C51 COMPILATION COMPLETE.  0 WARNING(S),  0 ERROR(S)
