C51 COMPILER V9.60.7.0   MAIN                                                              01/28/2025 16:17:39 PAGE 1   


C51 COMPILER V9.60.7.0, COMPILATION OF MODULE MAIN
OBJECT MODULE PLACED IN .\Objects\main.obj
COMPILER INVOKED BY: C:\Software\Keil\C51\BIN\C51.EXE main.c OPTIMIZE(8,SPEED) BROWSE DEBUG OBJECTEXTEND PRINT(.\Listing
                    -s\main.lst) OBJECT(.\Objects\main.obj)

line level    source

   1          #include "LED_Matrix.h"
   2          /** 
   3           **  @brief    KED点阵之滚动字幕
   4           **  @author   QIU
   5           **  @date     2023.08.23
   6           **/
   7          /*-------------------------------------------------------------------*/
   8          #define SPEED 50
   9          
  10          // 2022年12月30日
  11          u8 code Animation_Array[] = {
  12                  0x61,0x83,0x85,0x89,0x71,0x00,0x7E,0x81,
  13                  0x81,0x7E,0x00,0x61,0x83,0x85,0x89,0x71,
  14                  0x00,0x61,0x83,0x85,0x89,0x71,0x00,0x44,
  15                  0xDC,0x54,0x7F,0x54,0x44,0x00,0x40,0xFF,
  16                  0x00,0x61,0x83,0x85,0x89,0x71,0x00,0x01,
  17                  0xFE,0xA8,0x82,0xFF,0x00,0x42,0x91,0x99,
  18                  0x66,0x00,0x7E,0x81,0x81,0x7E,0x00,0xFF,
  19                  0x91,0x91,0xFF,0x00,0x00,0x00,0x00,0x00,
  20                  0x00,0x00,0x00,};
  21          
  22          
  23          int main(void){
  24   1              // i为当前点亮的LED列号；
  25   1              // count为计数器，用于记录进入下一帧画面的时间；
  26   1              // j为当前帧数（偏移量）
  27   1              u8 i, count=0, j=0;
  28   1              LED_Init();
  29   1              while(1){
  30   2                      for(i=0;i<8;i++){
  31   3                              LED_Animation_Show(i, Animation_Array[i+j]);
  32   3                      }
  33   2                      count++;
  34   2                      if(count > SPEED){
  35   3                              count = 0;
  36   3                              j++; // 移动一列
  37   3                              if(j > sizeof(Animation_Array)/sizeof(Animation_Array[0]) - 8){
  38   4                                      j = 0;
  39   4                              }
  40   3                      }
  41   2              }
  42   1      }
  43          
  44          
  45                  
  46                  


MODULE INFORMATION:   STATIC OVERLAYABLE
   CODE SIZE        =     60    ----
   CONSTANT SIZE    =     67    ----
   XDATA SIZE       =   ----    ----
   PDATA SIZE       =   ----    ----
   DATA SIZE        =   ----       3
C51 COMPILER V9.60.7.0   MAIN                                                              01/28/2025 16:17:39 PAGE 2   

   IDATA SIZE       =   ----    ----
   BIT SIZE         =   ----    ----
END OF MODULE INFORMATION.


C51 COMPILATION COMPLETE.  0 WARNING(S),  0 ERROR(S)
