C51 COMPILER V9.60.7.0   MAIN                                                              02/08/2024 14:03:40 PAGE 1   


C51 COMPILER V9.60.7.0, COMPILATION OF MODULE MAIN
OBJECT MODULE PLACED IN .\Objects\main.obj
COMPILER INVOKED BY: C:\Software\Keil\C51\BIN\C51.EXE main.c OPTIMIZE(8,SPEED) BROWSE DEBUG OBJECTEXTEND PRINT(.\Listing
                    -s\main.lst) OBJECT(.\Objects\main.obj)

line level    source

   1          #include "timer.h"
   2          #include "interrupt.h"
   3          #include "key.h"
   4          /** 
   5           **  @brief    采用外部中断响应，定时器消抖结合的方式。实现按键功能的总体实
             -
   6           **                        1. 实现短按：key3键点亮led1，key4键点亮led3
   7           **                        2. 实现长按：key3键跑马灯，key4键流水灯
   8           **                        3. 实现双击：key3键点亮led2，key4键点亮led4
   9           **                4. 实现组合键：key3+key4短按点亮led5，长按数码管数字递增
  10           **                5. 实现按键屏蔽
  11           **  @author   QIU
  12           **  @data     2024.02.07
  13           **/
  14          
  15          /*-------------------------------------------------------------------*/
  16          
  17          // 定时器初值，延时1ms计算
  18          u16 time_init = 922;
  19          
  20          
  21          
  22          void main(){
  23   1              INTx_init(0);     // 中断0
  24   1              INTx_init(1);     // 中断1
  25   1              TIMERx_init(0, time_init); // 定时器0
  26   1              
  27   1              TR0 = 1; // 开启定时器0
  28   1              
  29   1              while(1){
  30   2                      // 判断按键并处理
  31   2                      check_key();
  32   2              }
  33   1      }
  34          
  35          
  36          // 外部中断0的中断服务程序模板
  37          void INT0_serve() interrupt 0{
  38   1              // 更新按键状态标志
  39   1              key_state |= KEY3_PRESS;
  40   1      }
  41          
  42          
  43          // 外部中断1的中断服务程序
  44          void INT1_serve() interrupt 2{
  45   1              // 更新按键状态标志
  46   1              key_state |= KEY4_PRESS;
  47   1      }
  48          
  49          
  50          // 定时器0的中断服务程序
  51          void TIMER0_serve() interrupt 1{
  52   1              
  53   1              TL0 = (65536-time_init)%256; //低8位
C51 COMPILER V9.60.7.0   MAIN                                                              02/08/2024 14:03:40 PAGE 2   

  54   1              TH0 = (65536-time_init)/256; //高8位
  55   1              
  56   1              // 如果检测到实时按键按下
  57   1              if(key_state){
  58   2                      // 开始检查确认按键实际状态，去抖
  59   2                      scan_key_ByTimer();
  60   2              }
  61   1              
  62   1              // 双击检测开启
  63   1              scan_double_click();
  64   1      
  65   1      
  66   1      }
  67          
  68          
  69          


MODULE INFORMATION:   STATIC OVERLAYABLE
   CODE SIZE        =    172    ----
   CONSTANT SIZE    =   ----    ----
   XDATA SIZE       =   ----    ----
   PDATA SIZE       =   ----    ----
   DATA SIZE        =      2    ----
   IDATA SIZE       =   ----    ----
   BIT SIZE         =   ----    ----
END OF MODULE INFORMATION.


C51 COMPILATION COMPLETE.  0 WARNING(S),  0 ERROR(S)
