C51 COMPILER V9.60.7.0   MAIN                                                              09/23/2023 17:15:31 PAGE 1   


C51 COMPILER V9.60.7.0, COMPILATION OF MODULE MAIN
OBJECT MODULE PLACED IN .\Objects\main.obj
COMPILER INVOKED BY: C:\Software\Keil\C51\BIN\C51.EXE main.c OPTIMIZE(8,SPEED) BROWSE DEBUG OBJECTEXTEND PRINT(.\Listing
                    -s\main.lst) OBJECT(.\Objects\main.obj)

line level    source

   1          #include "delay.h"
   2          /** 
   3           **  @brief    三色灯闪烁
   4           **  @author   QIU
   5           **  @data     2023.09.23
   6           **/
   7          
   8          /*-------------------------------------------------------------------*/
   9          #define THREE_LED_PORT P2
  10          
  11          // 也可以单独赋值
  12          sbit Green_LED = THREE_LED_PORT^0;
  13          sbit Red_LED = THREE_LED_PORT^1;
  14          sbit Blue_LED = THREE_LED_PORT^2;
  15          
  16          
  17          void main(){
  18   1              u8 val = 0x01, i = 0;
  19   1      
  20   1              while(1){
  21   2                      // 先清零
  22   2                      THREE_LED_PORT = 0x00;
  23   2                      // 再赋1
  24   2                      THREE_LED_PORT |= (val<<i);
  25   2                      i += 1;
  26   2                      if(i >= 3){
  27   3                              i = 0;
  28   3                      }
  29   2                      delay_ms(500);
  30   2              }
  31   1      }


MODULE INFORMATION:   STATIC OVERLAYABLE
   CODE SIZE        =     45    ----
   CONSTANT SIZE    =   ----    ----
   XDATA SIZE       =   ----    ----
   PDATA SIZE       =   ----    ----
   DATA SIZE        =   ----       2
   IDATA SIZE       =   ----    ----
   BIT SIZE         =   ----    ----
END OF MODULE INFORMATION.


C51 COMPILATION COMPLETE.  0 WARNING(S),  0 ERROR(S)
