C51 COMPILER V9.60.7.0   MAIN                                                              02/14/2024 12:54:25 PAGE 1   


C51 COMPILER V9.60.7.0, COMPILATION OF MODULE MAIN
OBJECT MODULE PLACED IN .\Objects\main.obj
COMPILER INVOKED BY: C:\Software\Keil\C51\BIN\C51.EXE main.c OPTIMIZE(8,SPEED) BROWSE DEBUG OBJECTEXTEND PRINT(.\Listing
                    -s\main.lst) OBJECT(.\Objects\main.obj)

line level    source

   1          #include "LED_Matrix.h"
   2          #include "timer.h"
   3          
   4          
   5          void main(){
   6   1              LED_Matrix_Init();
   7   1              TIMERx_init(0, 922);
   8   1              TR0 = 1;
   9   1              while(1){
  10   2                      // LED_Matrix_Flush_Delay();
  11   2              }
  12   1      }
  13          
  14          // 定时器0的中断服务程序模板
  15          void TIMER0_serve() interrupt 1{
  16   1              TL0 = (65536-922)%256; //低8位
  17   1              TH0 = (65536-922)/256; //高8位
  18   1              
  19   1              LED_Matrix_Flush_Timer();
  20   1      }
  21                  
  22                  


MODULE INFORMATION:   STATIC OVERLAYABLE
   CODE SIZE        =     81    ----
   CONSTANT SIZE    =   ----    ----
   XDATA SIZE       =   ----    ----
   PDATA SIZE       =   ----    ----
   DATA SIZE        =   ----    ----
   IDATA SIZE       =   ----    ----
   BIT SIZE         =   ----    ----
END OF MODULE INFORMATION.


C51 COMPILATION COMPLETE.  0 WARNING(S),  0 ERROR(S)
