C51 COMPILER V9.60.7.0   MAIN                                                              04/16/2024 00:35:46 PAGE 1   


C51 COMPILER V9.60.7.0, COMPILATION OF MODULE MAIN
OBJECT MODULE PLACED IN .\Objects\main.obj
COMPILER INVOKED BY: C:\Software\Keil\C51\BIN\C51.EXE main.c OPTIMIZE(8,SPEED) BROWSE DEBUG OBJECTEXTEND PRINT(.\Listing
                    -s\main.lst) OBJECT(.\Objects\main.obj)

line level    source

   1          #include "MAX7219.h"
   2          /** 
   3           **  @brief    MAX7219驱动实验
   4           **  @author   QIU
   5           **  @date     2024.04.15
   6           **/
   7          /*-------------------------------------------------------------------*/
   8          #define ARRAY_NUM 10
   9          
  10          
  11          // 取字模
  12          u8 code array[ARRAY_NUM][8]={
  13          {0x00,0x3e,0x41,0x41,0x41,0x3e,0x00,0x00}, //0  
  14          {0x00,0x00,0x00,0x21,0x7f,0x01,0x00,0x00}, //1
  15          {0x00,0x27,0x45,0x45,0x45,0x39,0x00,0x00}, //2
  16          {0x00,0x22,0x49,0x49,0x49,0x36,0x00,0x00}, //3
  17          {0x00,0x0c,0x14,0x24,0x7f,0x04,0x00,0x00}, //4
  18          {0x00,0x72,0x51,0x51,0x51,0x4e,0x00,0x00}, //5
  19          {0x00,0x3e,0x49,0x49,0x49,0x26,0x00,0x00}, //6
  20          {0x00,0x40,0x40,0x40,0x4f,0x70,0x00,0x00}, //7
  21          {0x00,0x36,0x49,0x49,0x49,0x36,0x00,0x00}, //8
  22          {0x00,0x32,0x49,0x49,0x49,0x3e,0x00,0x00}, //9
  23          };
  24          
  25          
  26          int main(void){
  27   1              u8 i,j;
  28   1              MAX7219_initial();
  29   1              while(1){
  30   2                      for(j=0;j<ARRAY_NUM;j++){
  31   3                              for(i=0;i<8;i++){
  32   4                                      MAX7219_write_data(i+1, array[j][i]);
  33   4                              }
  34   3                              MAX7219_write_data(0x00, 0x00); // 跳过？
  35   3                              delay_ms(1000);
  36   3                      }
  37   2              }
  38   1      }


MODULE INFORMATION:   STATIC OVERLAYABLE
   CODE SIZE        =     78    ----
   CONSTANT SIZE    =     80    ----
   XDATA SIZE       =   ----    ----
   PDATA SIZE       =   ----    ----
   DATA SIZE        =   ----       2
   IDATA SIZE       =   ----    ----
   BIT SIZE         =   ----    ----
END OF MODULE INFORMATION.


C51 COMPILATION COMPLETE.  0 WARNING(S),  0 ERROR(S)
