C51 COMPILER V9.60.7.0   MAIN                                                              03/10/2024 23:48:24 PAGE 1   


C51 COMPILER V9.60.7.0, COMPILATION OF MODULE MAIN
OBJECT MODULE PLACED IN .\Objects\main.obj
COMPILER INVOKED BY: C:\Software\Keil\C51\BIN\C51.EXE main.c OPTIMIZE(8,SPEED) BROWSE DEBUG OBJECTEXTEND PRINT(.\Listing
                    -s\main.lst) OBJECT(.\Objects\main.obj)

line level    source

   1          #include "public.h"
   2          #include "uart.h"
   3          
   4          /** 
   5           **  @brief    实现printf重定向
   6           **  @author   QIU
   7           **  @date     2024.03.10
   8           **/
   9          
  10          /*-------------------------------------------------------------------*/
  11          
  12          /**
  13           **  @brief   重写printf调用的putchar函数，重定向到串口输出
  14           **  @param   参数说明
  15           **  @retval  返回值
  16           **/
  17          char putchar(char c){
  18   1              Uart_sendByte(c); // 重定向到串口单字节输出
  19   1              return c;  // 返回给函数的调用者printf
  20   1      }
  21          
  22          
  23          void main(void){
  24   1              u8 num = 1;
  25   1              u8 a[2] = {1,2};
  26   1              u8 *p = &num;
  27   1              Uart_Init(9600);
  28   1      //      p++;
  29   1      //      *p = 2;
  30   1      //      p++;
  31   1      //      *p = 3;
  32   1              printf("%bd,%p\r\n", num, &num); 
  33   1              printf("%bd,%p,%bd,%p\r\n", a[0],a,a[1],&a[1]); 
  34   1              printf("%d\r\n", (int)a[1]);
  35   1      //      printf("%d\r\n", *(&num)); 
  36   1      //      printf("%d\r\n", (int)1); 
  37   1              while(1);
  38   1      }
  39          
  40          
  41          


MODULE INFORMATION:   STATIC OVERLAYABLE
   CODE SIZE        =    117    ----
   CONSTANT SIZE    =     32    ----
   XDATA SIZE       =   ----    ----
   PDATA SIZE       =   ----    ----
   DATA SIZE        =   ----       7
   IDATA SIZE       =   ----    ----
   BIT SIZE         =   ----    ----
END OF MODULE INFORMATION.


C51 COMPILATION COMPLETE.  0 WARNING(S),  0 ERROR(S)
