C51 COMPILER V9.60.7.0   UART                                                              03/10/2024 17:52:32 PAGE 1   


C51 COMPILER V9.60.7.0, COMPILATION OF MODULE UART
OBJECT MODULE PLACED IN .\Objects\uart.obj
COMPILER INVOKED BY: C:\Software\Keil\C51\BIN\C51.EXE uart.c OPTIMIZE(8,SPEED) BROWSE DEBUG OBJECTEXTEND PRINT(.\Listing
                    -s\uart.lst) OBJECT(.\Objects\uart.obj)

line level    source

   1          #include "uart.h"
   2          /** 
   3           **  @brief    串口封装函数
   4           **  @author   QIU
   5           **  @date     2023.08.23
   6           **/
   7          /*-------------------------------------------------------------------*/
   8          
   9          /**
  10           **  @brief   串口初始化
  11           **  @param   波特率（受晶振频率11.0592MHz所限，波特率需小于28800，加倍最大57600）
  12           **  @retval  无
  13           **/
  14          void Uart_Init(u16 baud){
  15   1              SCON = 0x50;   // 0101 0000（选择串口工作方式为1，且允许串行接收位REN置1）
  16   1              TMOD |= 0x20;  // 0010 0000（选定T1定时器，定时器工作方式为8位自动重装）
  17   1              PCON = (baud>28800)? 0x80:0x00; // 判断波特率倍频
  18   1              TL1 = TH1 = 256 - ((baud>28800)? 57600:28800)/baud;   // 计算初值
  19   1              ES = 1; // 打开串口中断标志位
  20   1              EA = 1; // 打开总中断标志位
  21   1              ET1 = 0; // 禁止定时器T1中断
  22   1              TR1 = 1; // 启动定时器T1
  23   1      }
  24          
  25          
  26          /**
  27           **  @brief   串口发送单字节
  28           **  @param   dat：单字节数据
  29           **  @retval  返回值
  30           **/
  31          void Uart_sendByte(u8 dat){
  32   1              SBUF = dat; //传入字节
  33   1              while(!TI); //等待字节发送完毕
  34   1              TI = 0; //清零
  35   1      }
  36          
  37          
  38          /**
  39           **  @brief   串口发送字符串
  40           **  @param   参数说明
  41           **  @retval  返回值
  42           **/
  43          void Uart_sendString(u8 *str){
  44   1              while(*str != '\0'){
  45   2                      Uart_sendByte(*str++);
  46   2              }
  47   1      }
  48          
  49          // 串口发送小数
  50          void Uart_sendFloat(double f){
  51   1              xdata u8 Fdata[15];
  52   1              sprintf(Fdata, "%f", f);
  53   1              Uart_sendString(Fdata);
  54   1      }
C51 COMPILER V9.60.7.0   UART                                                              03/10/2024 17:52:32 PAGE 2   

  55          
  56          // 串口发送整数（有符号，可接收四字节）
  57          void Uart_sendInt(long i){
  58   1              xdata u8 Idata[15];
  59   1              // 按有符号方式输出
  60   1              sprintf(Idata, "%ld", i);
  61   1              Uart_sendString(Idata);
  62   1      }
  63          
  64          
  65          // 串口中断服务函数模板
  66          //void UART_serve() interrupt 4{
  67          //      
  68          //}
  69          
  70          
  71          


MODULE INFORMATION:   STATIC OVERLAYABLE
   CODE SIZE        =    201    ----
   CONSTANT SIZE    =      7    ----
   XDATA SIZE       =   ----      30
   PDATA SIZE       =   ----    ----
   DATA SIZE        =   ----       3
   IDATA SIZE       =   ----    ----
   BIT SIZE         =   ----    ----
END OF MODULE INFORMATION.


C51 COMPILATION COMPLETE.  0 WARNING(S),  0 ERROR(S)
