C51 COMPILER V9.60.7.0   MAIN                                                              01/28/2025 16:36:55 PAGE 1   


C51 COMPILER V9.60.7.0, COMPILATION OF MODULE MAIN
OBJECT MODULE PLACED IN .\Objects\main.obj
COMPILER INVOKED BY: C:\Software\Keil\C51\BIN\C51.EXE main.c OPTIMIZE(8,SPEED) BROWSE DEBUG OBJECTEXTEND PRINT(.\Listing
                    -s\main.lst) OBJECT(.\Objects\main.obj)

line level    source

   1          #include "LED_Matrix.h"
   2          #include "timer.h"
   3          /** 
   4           **  @brief    LED点阵功能封装
   5           **  @author   QIU
   6           **  @date     2023.08.23
   7           **/
   8          
   9          int main(void){
  10   1              LED_Matrix_Init();
  11   1              TIMERx_init(0, 922);
  12   1              TR0 = 1;
  13   1              while(1){
  14   2      //              LED_Matrix_Flush_Delay();
  15   2              }
  16   1      }
  17          
  18          // 定时器0的中断服务程序模板
  19          void TIMER0_serve() interrupt 1{
  20   1              TL0 = (65536-922)%256; // 低8位
  21   1              TH0 = (65536-922)/256; // 高8位
  22   1              
  23   1              LED_Matrix_Flush_Timer();
  24   1      }       
  25                  


MODULE INFORMATION:   STATIC OVERLAYABLE
   CODE SIZE        =     81    ----
   CONSTANT SIZE    =   ----    ----
   XDATA SIZE       =   ----    ----
   PDATA SIZE       =   ----    ----
   DATA SIZE        =   ----    ----
   IDATA SIZE       =   ----    ----
   BIT SIZE         =   ----    ----
END OF MODULE INFORMATION.


C51 COMPILATION COMPLETE.  0 WARNING(S),  0 ERROR(S)
