C51 COMPILER V9.60.7.0   MAIN                                                              04/15/2024 11:09:17 PAGE 1   


C51 COMPILER V9.60.7.0, COMPILATION OF MODULE MAIN
OBJECT MODULE PLACED IN .\Objects\main.obj
COMPILER INVOKED BY: C:\Software\Keil\C51\BIN\C51.EXE main.c OPTIMIZE(8,SPEED) BROWSE DEBUG OBJECTEXTEND CODE PRINT(.\Li
                    -stings\main.lst) OBJECT(.\Objects\main.obj)

line level    source

   1          #include "interrupt.h"
   2          /** 
   3           **  @brief    开关实验（将开关接至P3_2引脚，通过外部中断INT0，可以检测开关信号，并点亮led0提示）
   4           **  @author   QIU
   5           **  @date     2024.04.06
   6           **/
   7          /*-------------------------------------------------------------------*/
   8          
   9          sbit LED_Port = P2^0;
  10          
  11          
  12          int main(void){
  13   1              // 初始化INT0
  14   1              INTx_init(0);
  15   1              while(1);
  16   1      }
  17          
  18          // 外部中断0的中断服务程序模板
  19          void INT1_serve() interrupt 0{
  20   1              LED_Port = 0;
  21   1      }
C51 COMPILER V9.60.7.0   MAIN                                                              04/15/2024 11:09:17 PAGE 2   

ASSEMBLY LISTING OF GENERATED OBJECT CODE


             ; FUNCTION main (BEGIN)
                                           ; SOURCE LINE # 12
                                           ; SOURCE LINE # 14
0000 E4                CLR     A
0001 FF                MOV     R7,A
0002 120000      E     LCALL   _INTx_init
0005         ?C0001:
                                           ; SOURCE LINE # 15
0005 80FE              SJMP    ?C0001
             ; FUNCTION main (END)

             ; FUNCTION INT1_serve (BEGIN)
                                           ; SOURCE LINE # 19
                                           ; SOURCE LINE # 20
0000 C2A0              CLR     LED_Port
                                           ; SOURCE LINE # 21
0002 32                RETI    
             ; FUNCTION INT1_serve (END)



MODULE INFORMATION:   STATIC OVERLAYABLE
   CODE SIZE        =     10    ----
   CONSTANT SIZE    =   ----    ----
   XDATA SIZE       =   ----    ----
   PDATA SIZE       =   ----    ----
   DATA SIZE        =   ----    ----
   IDATA SIZE       =   ----    ----
   BIT SIZE         =   ----    ----
END OF MODULE INFORMATION.


C51 COMPILATION COMPLETE.  0 WARNING(S),  0 ERROR(S)
