C51 COMPILER V9.60.7.0   KEY                                                               01/29/2025 11:46:49 PAGE 1   


C51 COMPILER V9.60.7.0, COMPILATION OF MODULE KEY
OBJECT MODULE PLACED IN .\Objects\key.obj
COMPILER INVOKED BY: C:\Software\Keil\C51\BIN\C51.EXE key.c OPTIMIZE(8,SPEED) BROWSE DEBUG OBJECTEXTEND PRINT(.\Listings
                    -\key.lst) OBJECT(.\Objects\key.obj)

line level    source

   1          #include "key.h"
   2          #include "led.h"
   3          #include "smg.h"
   4          /** 
   5           **  @brief    ç‹¬ç«‹æŒ‰é”®çš„å‡½æ•°å°è£…
   6           **  @author   QIU
   7           **  @date     2023.08.23
   8           **/
   9          
  10          /*-------------------------------------------------------------------*/
  11          
  12          // æŒ‰é”®çŠ¶æ€ã€å‰çŠ¶æ€
  13          Key_State key_state, key_pre_state;
  14          
  15          // æŒ‰é”®ç´¯ç§¯å€¼ï¼Œåæ˜ æŒ‰é”®æ—¶é•¿
  16          u16 num = 0;
  17          
  18          
  19          /**
  20           **  @brief   æŒ‰é”®1æŒ‰ä¸‹å‡½æ•°ï¼ˆå¯ä»¥æŒ‰éœ€æ±‚ä¿®æ”¹ï¼‰
  21           **  @param   æ— 
  22           **  @retval  æ— 
  23           **/
  24          void key1_pressed(){
  25   1              smg_showChar('1', 1, false);
  26   1              led_turn(6);
  27   1      }
  28          
  29          /**
  30           **  @brief   æŒ‰é”®2æŒ‰ä¸‹å‡½æ•°ï¼ˆå¯ä»¥æŒ‰éœ€æ±‚ä¿®æ”¹ï¼‰
  31           **  @param   æ— 
  32           **  @retval  æ— 
  33           **/
  34          void key2_pressed(){
  35   1              ;
  36   1      }
  37          
  38          /**
  39           **  @brief   æŒ‰é”®3æŒ‰ä¸‹å‡½æ•°ï¼ˆå¯ä»¥æŒ‰éœ€æ±‚ä¿®æ”¹ï¼‰
  40           **  @param   æ— 
  41           **  @retval  æ— 
  42           **/
  43          void key3_pressed(){
  44   1              smg_showChar('3', 1, false);
  45   1              led_turn(8);
  46   1      }
  47          
  48          
  49          /**
  50           **  @brief   æŒ‰é”®4æŒ‰ä¸‹å‡½æ•°ï¼ˆå¯ä»¥æŒ‰éœ€æ±‚ä¿®æ”¹ï¼‰
  51           **  @param   æ— 
  52           **  @retval  æ— 
  53           **/
  54          void key4_pressed(){
C51 COMPILER V9.60.7.0   KEY                                                               01/29/2025 11:46:49 PAGE 2   

  55   1              u8 str[8];
  56   1              num++;
  57   1              sprintf(str,"%d",num/10);
  58   1              smg_showString(str, 1);
  59   1      }
  60          
  61          /**
  62           **  @brief   æŒ‰é”®1æ¾å¼€å‡½æ•°ï¼ˆå¯ä»¥æŒ‰éœ€æ±‚ä¿®æ”¹ï¼‰
  63           **  @param   æ— 
  64           **  @retval  æ— 
  65           **/
  66          void key1_unpressed(){
  67   1              ;
  68   1      }
  69          
  70          /**
  71           **  @brief   æŒ‰é”®2æ¾å¼€å‡½æ•°ï¼ˆå¯ä»¥æŒ‰éœ€æ±‚ä¿®æ”¹ï¼‰
  72           **  @param   æ— 
  73           **  @retval  æ— 
  74           **/
  75          void key2_unpressed(){
  76   1              smg_showChar('2', 1, false);
  77   1              led_turn(7);
  78   1      }
  79          
  80          /**
  81           **  @brief   æŒ‰é”®3æ¾å¼€å‡½æ•°ï¼ˆå¯ä»¥æŒ‰éœ€æ±‚ä¿®æ”¹ï¼‰
  82           **  @param   æ— 
  83           **  @retval  æ— 
  84           **/
  85          void key3_unpressed(){
  86   1              key3_pressed();
  87   1      }
  88          
  89          /**
  90           **  @brief   æŒ‰é”®4æ¾å¼€å‡½æ•°ï¼ˆå¯ä»¥æŒ‰éœ€æ±‚ä¿®æ”¹ï¼‰
  91           **  @param   æ— 
  92           **  @retval  æ— 
  93           **/
  94          void key4_unpressed(){
  95   1              smg_showChar('0', 1, false);
  96   1              num = 0;
  97   1      }
  98          
  99          
 100          /*-------------------------------------------------------------------*/
 101          
 102          
 103          /**
 104           **  @brief   æŒ‰é”®æ¾å¼€å“åº”
 105           **  @param   æ— 
 106           **  @retval  æ— 
 107           **/
 108          void key_unpress(){
 109   1              switch(key_pre_state){
 110   2                      case KEY_UNPRESS: break;
 111   2                      case KEY1_PRESS: key1_unpressed();break;
 112   2                      case KEY2_PRESS: key2_unpressed();break;
 113   2                      case KEY3_PRESS: key3_unpressed();break;
 114   2                      case KEY4_PRESS: key4_unpressed();break;
 115   2              }
 116   1      }
C51 COMPILER V9.60.7.0   KEY                                                               01/29/2025 11:46:49 PAGE 3   

 117          
 118          
 119          /**
 120           **  @brief   ï¼ˆè½®è¯¢æ–¹å¼ï¼‰æ‰«æç‹¬ç«‹æŒ‰é”®ï¼Œåˆ¤æ–­å“ªä¸ªé”®æŒ‰ä¸‹
 121           **  @param   æ— 
 122           **  @retval  æ— 
 123           **/
 124          void scan_key(){
 125   1              static u8 flag = 1; // å¼€å…³ï¼ˆæŒ‰ä¸‹è‡³å®Œå…¨æ¾å¼€ä¸ºä¸€è½®åˆ¤æ–­ï¼‰
 126   1      
 127   1              // å¦‚æœæœ‰æŒ‰é”®æŒ‰ä¸‹
 128   1              if(flag && (!key1||!key2||!key3||!key4)){
 129   2                      flag = 0; // æ¸…é›¶
 130   2                      delay_ms(10); // å»¶æ—¶10msæ¶ˆæŠ–
 131   2                      // key1å¾€ä¸‹å±è”½ï¼ˆå±è”½ç»„åˆé”®ï¼‰
 132   2                      if(!key1) key_state = KEY1_PRESS; 
 133   2                      else if(!key2) key_state = KEY2_PRESS;
 134   2                      else if(!key3) key_state = KEY3_PRESS;
 135   2                      else if(!key4) key_state = KEY4_PRESS;
 136   2                      else key_state = KEY_UNPRESS;
 137   2              // å¦‚æœæŒ‰é”®æ¾å¼€
 138   2              }else if(key1 && key2 && key3 && key4){
 139   2                      flag = 1;
 140   2                      delay_ms(10); // å»¶æ—¶10msæ¶ˆæŠ–,æ¾å¼€å“åº”æœ‰é€»è¾‘åˆ¤æ–­æ—¶ï¼Œéœ€è¦åŠ ä¸Šæ¶ˆæŠ–ã€‚å¦åˆ™å¯ä»¥çœç
             -•¥ã€‚
 141   2                      if(key1&&key2&&key3&&key4)key_state = KEY_UNPRESS;
 142   2              }
 143   1      }
 144          
 145          
 146          
 147          /**
 148           **  @brief   ï¼ˆè½®è¯¢æ–¹å¼ï¼‰åˆ¤æ–­æŒ‰é”®, è¿›è¡Œç›¸åº”å¤„ç†
 149           **  @param    æ— 
 150           **  @retval   æ— 
 151           **/
 152          void check_key(){
 153   1              switch(key_state){
 154   2                      case KEY_UNPRESS:
 155   2                              // æ¾å¼€å“åº”
 156   2                              key_unpress();
 157   2                              // è®°å½•å½“å‰æŒ‰é”®çŠ¶æ€
 158   2                              key_pre_state = KEY_UNPRESS;
 159   2                              break;
 160   2                      
 161   2                      case KEY1_PRESS:
 162   2                              // è®°å½•å½“å‰æŒ‰é”®çŠ¶æ€
 163   2                              key_pre_state = KEY1_PRESS;
 164   2                              // å¦‚æœæ˜¯å•æ¬¡å“åº”
 165   2                              if(!KEY1_MODE) key_state = KEY_NON_DEAL;
 166   2                              key1_pressed();
 167   2                              break;
 168   2                      
 169   2                      case KEY2_PRESS:
 170   2                              // è®°å½•å½“å‰æŒ‰é”®çŠ¶æ€
 171   2                              key_pre_state = KEY2_PRESS;
 172   2                              // å¦‚æœæ˜¯å•æ¬¡å“åº”
 173   2                              if(!KEY2_MODE) key_state = KEY_NON_DEAL;
 174   2                              key2_pressed();
 175   2                              break;
 176   2                      
 177   2                      case KEY3_PRESS:
C51 COMPILER V9.60.7.0   KEY                                                               01/29/2025 11:46:49 PAGE 4   

 178   2                              // è®°å½•å½“å‰æŒ‰é”®çŠ¶æ€
 179   2                              key_pre_state = KEY3_PRESS;
 180   2                              // å¦‚æœæ˜¯å•æ¬¡å“åº”
 181   2                              if(!KEY3_MODE) key_state = KEY_NON_DEAL;
 182   2                              key3_pressed();
 183   2                              break;
 184   2                      
 185   2                      case KEY4_PRESS:
 186   2                              // è®°å½•å½“å‰æŒ‰é”®çŠ¶æ€
 187   2                              key_pre_state = KEY4_PRESS;
 188   2                              if(!KEY4_MODE) key_state = KEY_NON_DEAL;
 189   2                              key4_pressed();
 190   2                              break;
 191   2                      
 192   2                      case KEY_NON_DEAL:
 193   2                              // æŒ‰ä¸‹ä¸å¤„ç†
 194   2                              break;
 195   2              }
 196   1      }
 197          


MODULE INFORMATION:   STATIC OVERLAYABLE
   CODE SIZE        =    292    ----
   CONSTANT SIZE    =      3    ----
   XDATA SIZE       =   ----    ----
   PDATA SIZE       =   ----    ----
   DATA SIZE        =      5       8
   IDATA SIZE       =   ----    ----
   BIT SIZE         =   ----    ----
END OF MODULE INFORMATION.


C51 COMPILATION COMPLETE.  0 WARNING(S),  0 ERROR(S)
