C51 COMPILER V9.60.7.0   MAIN                                                              01/29/2025 15:56:27 PAGE 1   


C51 COMPILER V9.60.7.0, COMPILATION OF MODULE MAIN
OBJECT MODULE PLACED IN .\Objects\main.obj
COMPILER INVOKED BY: C:\Software\Keil\C51\BIN\C51.EXE main.c OPTIMIZE(8,SPEED) BROWSE DEBUG OBJECTEXTEND PRINT(.\Listing
                    -s\main.lst) OBJECT(.\Objects\main.obj)

line level    source

   1          #include <REGX52.H>
   2          #include <intrins.h>
   3          /** 
   4           **  @brief    蜂鸣器短鸣
   5           **  @author   QIU
   6           **  @date     2023.08.23
   7           **/
   8          /*-------------------------------------------------------------------*/
   9          #define DELAY_TIME 100 // 持续鸣叫时长
  10          
  11          typedef unsigned char u8;
  12          typedef unsigned int u16;
  13          
  14          sbit BEEP = P1^5; // 信号端与P1.5引脚相连
  15          
  16          void delay_10us(u16 i){
  17   1              while(i--);
  18   1      }
  19          
  20          int main(void){
  21   1              u8 i = 0;
  22   1              while(1){
  23   2                      while(i < DELAY_TIME){
  24   3                              // 延时1ms，即周期为2ms，频率为500Hz
  25   3                              delay_10us(100);
  26   3                              i++; // 持续DELAY_TIME个周期
  27   3                              BEEP = !BEEP; // 内部上拉，初始为1，默认占空比为50%
  28   3                      }
  29   2              }
  30   1      }


MODULE INFORMATION:   STATIC OVERLAYABLE
   CODE SIZE        =     31    ----
   CONSTANT SIZE    =   ----    ----
   XDATA SIZE       =   ----    ----
   PDATA SIZE       =   ----    ----
   DATA SIZE        =   ----    ----
   IDATA SIZE       =   ----    ----
   BIT SIZE         =   ----    ----
END OF MODULE INFORMATION.


C51 COMPILATION COMPLETE.  0 WARNING(S),  0 ERROR(S)
