C51 COMPILER V9.60.7.0   MAX7219                                                           04/16/2024 00:39:37 PAGE 1   


C51 COMPILER V9.60.7.0, COMPILATION OF MODULE MAX7219
OBJECT MODULE PLACED IN .\Objects\MAX7219.obj
COMPILER INVOKED BY: C:\Software\Keil\C51\BIN\C51.EXE MAX7219.c OPTIMIZE(8,SPEED) BROWSE DEBUG OBJECTEXTEND PRINT(.\List
                    -ings\MAX7219.lst) OBJECT(.\Objects\MAX7219.obj)

line level    source

   1          #include "MAX7219.h"
   2          /** 
   3           **  @brief    MAX7219芯片驱动程序
   4           **  @author   QIU
   5           **  @date     2024.04.14
   6           **/
   7          /*-------------------------------------------------------------------*/
   8          
   9          // 引脚定义
  10          sbit DI = P2^0;
  11          sbit CS = P2^1;
  12          sbit CLK = P2^2;
  13          
  14          // 指令数组
  15          u8 xdata Directives[5][2] = {
  16                  {0x09, 0x00},
  17                  {0x0A, 0x0f},
  18                  {0x0B, 0x07},
  19                  {0x0C, 0x01},
  20                  {0x0F, 0x00},
  21          };
  22          
  23          /**
  24           **  @brief   MAX7219初始化
  25           **  @param   无
  26           **  @retval  无
  27           **/
  28          void MAX7219_initial(){
  29   1              u8 i, j;
  30   1              
  31   1              for(i=0;i<5;i++){
  32   2                      for(j=0;j<MATRIX_NUM;j++){
  33   3                              MAX7219_write_data(Directives[i][0], Directives[i][1]);
  34   3                      }
  35   2              }
  36   1      
  37   1      //      MAX7219_write_data(0x09, 0x00); // 译码方式：不译码
  38   1      //      MAX7219_write_data(0x0A, 0x0f); // 亮度调节：16级
  39   1      //      MAX7219_write_data(0x0B, 0x07); // 扫描界限：扫描8列
  40   1      //      MAX7219_write_data(0x0C, 0x01); // 关断模式：开启显示
  41   1      //      MAX7219_write_data(0x0F, 0x00); // 显示测试：正常显示
  42   1      }
  43          
  44          
  45          
  46          /**
  47           **  @brief   写单字节数据
  48           **  @param   16位数据
  49           **  @retval  无
  50           **/
  51          static void MAX7219_write_byte(u8 dat){
  52   1              u8 i;   
  53   1              for(i=0;i<8;i++){
  54   2                      // 拉低时钟线
C51 COMPILER V9.60.7.0   MAX7219                                                           04/16/2024 00:39:37 PAGE 2   

  55   2                      CLK = 0;
  56   2                      // 取高位
  57   2                      DI = dat & 0x80;
  58   2                      // 移位
  59   2                      dat <<= 1;
  60   2                      // 时钟上升沿
  61   2                      CLK = 1;
  62   2              }
  63   1      }
  64          
  65          
  66          
  67          /**
  68           **  @brief   写数据
  69           **  @param   addr: 地址
  70           **  @param       dat:  数据
  71           **  @retval  无
  72           **/
  73          void MAX7219_write_data(u8 addr, u8 dat){
  74   1              // 拉低片选
  75   1              CS = 0;
  76   1              // 先发地址
  77   1              MAX7219_write_byte(addr);
  78   1              // 后发数据
  79   1              MAX7219_write_byte(dat);
  80   1              // 拉高片选
  81   1              CS = 1;
  82   1      }
  83          
  84          
  85          
  86          
  87          
  88          
  89          
  90          
  91          
  92          


MODULE INFORMATION:   STATIC OVERLAYABLE
   CODE SIZE        =     90    ----
   CONSTANT SIZE    =   ----    ----
   XDATA SIZE       =     10    ----
   PDATA SIZE       =   ----    ----
   DATA SIZE        =   ----       2
   IDATA SIZE       =   ----    ----
   BIT SIZE         =   ----    ----
END OF MODULE INFORMATION.


C51 COMPILATION COMPLETE.  0 WARNING(S),  0 ERROR(S)
