C51 COMPILER V9.60.7.0   MAIN                                                              02/19/2024 10:58:31 PAGE 1   


C51 COMPILER V9.60.7.0, COMPILATION OF MODULE MAIN
OBJECT MODULE PLACED IN .\Objects\main.obj
COMPILER INVOKED BY: C:\Software\Keil\C51\BIN\C51.EXE main.c OPTIMIZE(8,SPEED) BROWSE DEBUG OBJECTEXTEND PRINT(.\Listing
                    -s\main.lst) OBJECT(.\Objects\main.obj)

line level    source

   1          #include "matrix_key.h"
   2          #include "smg.h"
   3          #include "timer.h"
   4          
   5          
   6          int main(void){
   7   1              TIMERx_init(0, 2000);
   8   1              TR0 = 1;
   9   1              while(1){
  10   2                      // 矩阵按键扫描
  11   2                      check_matrixKey_turn();
  12   2              }
  13   1      }
  14          
  15          
  16          // 定时器0的中断服务程序模板
  17          void TIMER0_serve() interrupt 1{
  18   1              TL0 = (65536-2000)%256; //低8位
  19   1              TH0 = (65536-2000)/256; //高8位
  20   1              
  21   1              smg_showString_Bytimer(smg_val, 1);
  22   1              
  23   1      }
  24          
  25          
  26          


MODULE INFORMATION:   STATIC OVERLAYABLE
   CODE SIZE        =     89    ----
   CONSTANT SIZE    =   ----    ----
   XDATA SIZE       =   ----    ----
   PDATA SIZE       =   ----    ----
   DATA SIZE        =   ----    ----
   IDATA SIZE       =   ----    ----
   BIT SIZE         =   ----    ----
END OF MODULE INFORMATION.


C51 COMPILATION COMPLETE.  0 WARNING(S),  0 ERROR(S)
