C51 COMPILER V9.60.7.0   LED                                                               02/07/2024 15:20:26 PAGE 1   


C51 COMPILER V9.60.7.0, COMPILATION OF MODULE LED
OBJECT MODULE PLACED IN .\Objects\led.obj
COMPILER INVOKED BY: C:\Software\Keil\C51\BIN\C51.EXE led.c OPTIMIZE(8,SPEED) BROWSE DEBUG OBJECTEXTEND PRINT(.\Listings
                    -\led.lst) OBJECT(.\Objects\led.obj)

line level    source

   1          #include "led.h"
   2          
   3          /** 
   4           **  @brief    LED控制程序
   5           **  @author   QIU
   6           **  @data     2023.08.23
   7           **/
   8          
   9          /*-------------------------------------------------------------------*/
  10          
  11          
  12          /**
  13           **  @brief  指定某个LED亮
  14           **  @param  pos: 位置(1~8)
  15           **  @retval 无
  16           **/
  17          void led_on(u8 pos){
  18   1              LED_PORT &= ~(0x01<<(pos-1));
  19   1      }
  20          
  21          
  22          /**
  23           **  @brief  指定某个LED灭
  24           **  @param  pos: 位置(1~8)
  25           **  @retval 无
  26           **/
  27          void led_off(u8 pos){
  28   1              LED_PORT |= 0x01<<(pos-1);
  29   1      }
  30          
  31          
  32          
  33          
  34          /**
  35           **  @brief   指定位置LED翻转
  36           **  @param   pos：1—8
  37           **  @retval  无
  38           **/
  39          void led_turn(u8 pos){
  40   1              u8 port;
  41   1              port = (LED_PORT>>(pos-1))&0x01;
  42   1              if(port){
  43   2                      led_on(pos);
  44   2              }else{
  45   2                      led_off(pos);
  46   2              }
  47   1      }
  48          
  49          
  50          /**
  51           **  @brief   LED流水灯
  52           **  @param   time 延时时间
  53           **  @retval  无
  54           **/
C51 COMPILER V9.60.7.0   LED                                                               02/07/2024 15:20:26 PAGE 2   

  55          void led_stream(u16 time){
  56   1              u8 i;
  57   1              for(i=0;i<8;i++){
  58   2                      led_on(i+1);
  59   2                      delay_10us(time);
  60   2              }
  61   1              
  62   1              // 全部熄灭
  63   1              for(i=0;i<8;i++){
  64   2                      led_off(i+1);
  65   2              }
  66   1      }
  67          
  68          
  69          /**
  70           **  @brief   LED跑马灯
  71           **  @param   time 延时时间
  72           **  @retval  无
  73           **/
  74          void led_run(u16 time){
  75   1              u8 i;
  76   1              for(i=0;i<8;i++){
  77   2                      led_on(i+1);
  78   2                      delay_10us(time);
  79   2                      led_off(i+1);
  80   2              }
  81   1      }
  82          
  83          


MODULE INFORMATION:   STATIC OVERLAYABLE
   CODE SIZE        =    145    ----
   CONSTANT SIZE    =   ----    ----
   XDATA SIZE       =   ----    ----
   PDATA SIZE       =   ----    ----
   DATA SIZE        =   ----       6
   IDATA SIZE       =   ----    ----
   BIT SIZE         =   ----    ----
END OF MODULE INFORMATION.


C51 COMPILATION COMPLETE.  0 WARNING(S),  0 ERROR(S)
