C51 COMPILER V9.60.7.0   MAIN                                                              01/28/2025 13:28:55 PAGE 1   


C51 COMPILER V9.60.7.0, COMPILATION OF MODULE MAIN
OBJECT MODULE PLACED IN .\Objects\main.obj
COMPILER INVOKED BY: C:\Software\Keil\C51\BIN\C51.EXE main.c OPTIMIZE(8,SPEED) BROWSE DEBUG OBJECTEXTEND PRINT(.\Listing
                    -s\main.lst) OBJECT(.\Objects\main.obj)

line level    source

   1          #include <REGX52.H>
   2          /** 
   3           **  @brief    LED流水灯实验
   4           **  @author   QIU
   5           **  @data     2023.08.24
   6           **/
   7          
   8          /*-------------------------------------------------------------------*/
   9          #define LED_PORT P2
  10          
  11          typedef unsigned char u8;
  12          typedef unsigned int u16;
  13          
  14          void delay(u16 t){
  15   1              while(t--);
  16   1      }
  17          
  18          int main(void){
  19   1              
  20   1              while(1){
  21   2                      u8 i;
  22   2                      LED_PORT = 0xfe; // 1111 1110
  23   2                      delay(50000);
  24   2                      for(i=0;i<8;i++){
  25   3                              LED_PORT <<= 1; // 左移一位
  26   3                              delay(50000); // 延时450ms
  27   3                      }
  28   2              }
  29   1      }


MODULE INFORMATION:   STATIC OVERLAYABLE
   CODE SIZE        =     48    ----
   CONSTANT SIZE    =   ----    ----
   XDATA SIZE       =   ----    ----
   PDATA SIZE       =   ----    ----
   DATA SIZE        =   ----       1
   IDATA SIZE       =   ----    ----
   BIT SIZE         =   ----    ----
END OF MODULE INFORMATION.


C51 COMPILATION COMPLETE.  0 WARNING(S),  0 ERROR(S)
