C51 COMPILER V9.60.7.0   MAIN                                                              03/18/2024 19:06:10 PAGE 1   


C51 COMPILER V9.60.7.0, COMPILATION OF MODULE MAIN
OBJECT MODULE PLACED IN .\Objects\main.obj
COMPILER INVOKED BY: C:\Software\Keil\C51\BIN\C51.EXE main.c OPTIMIZE(8,SPEED) BROWSE DEBUG OBJECTEXTEND PRINT(.\Listing
                    -s\main.lst) OBJECT(.\Objects\main.obj)

line level    source

   1          #include <REGX52.H>
   2          #include <intrins.h>
   3          
   4          /*  8052 Extensions  */
   5          //sfr T2CON  = 0xC8;
   6          //sfr T2MOD=0XC9;               //寄存器T2MOD定义
   7          //sfr RCAP2L = 0xCA;
   8          //sfr RCAP2H = 0xCB;
   9          //sfr TL2    = 0xCC;
  10          //sfr TH2    = 0xCD;
  11          
  12          main(){
  13   1                                   //毫秒@11.0592MHz
  14   1              T2MOD = 0;              //---- --00  初始化模式寄存器  默认向上计数
  15   1              T2CON = 0;              //0000 0000  初始化控制寄存器 一个中断源，16位自动重装模式
  16   1              TL2 = 0xff-9;           //设置定时初值  
  17   1              TH2 = 0xff;             //设置定时初值
  18   1              RCAP2L = 0xff-9;                //设置定时重载值
  19   1              RCAP2H = 0xff;          //设置定时重载值
  20   1              IE = 0XA0;              //1010 0000 打开全局中断，定时器2中断 ET2 = 1
  21   1              TR2 = 1;                //定时器2开始计时
  22   1              while(1){
  23   2                      P2_1=!P2_1;              //状态取反  3us
  24   2                      P2_2 =!P2_2;
  25   2              }
  26   1      }
  27          
  28          
  29          void timer_T2() interrupt 5{       //中断函数
  30   1              TF2=0;                          //软件清零定时器2溢出标志位
  31   1      }


MODULE INFORMATION:   STATIC OVERLAYABLE
   CODE SIZE        =     31    ----
   CONSTANT SIZE    =   ----    ----
   XDATA SIZE       =   ----    ----
   PDATA SIZE       =   ----    ----
   DATA SIZE        =   ----    ----
   IDATA SIZE       =   ----    ----
   BIT SIZE         =   ----    ----
END OF MODULE INFORMATION.


C51 COMPILATION COMPLETE.  0 WARNING(S),  0 ERROR(S)
