C51 COMPILER V9.60.7.0   MAIN                                                              09/03/2023 22:45:57 PAGE 1   


C51 COMPILER V9.60.7.0, COMPILATION OF MODULE MAIN
OBJECT MODULE PLACED IN .\Objects\main.obj
COMPILER INVOKED BY: C:\Software\Keil\C51\BIN\C51.EXE main.c OPTIMIZE(8,SPEED) BROWSE DEBUG OBJECTEXTEND PRINT(.\Listing
                    -s\main.lst) OBJECT(.\Objects\main.obj)

line level    source

   1          #include <REGX52.H>
   2          
   3          
   4          typedef unsigned char u8;
   5          typedef unsigned int u16;
   6          
   7          
   8          void delay(u16 t){
   9   1              while(t--);
  10   1      }
  11          
  12          
  13          void main(){
  14   1              //定义共阴数码管字形码编码
  15   1              u8 smg_array[] = {0x3f,0x06,0x5b,0x4f,0x66, //0 1 2 3 4
  16   1                                               0x6d,0x7d,0x07,0x7f,0x6f}; //5 6 7 8 9 
  17   1      
  18   1              while(1){
  19   2                      int i;
  20   2                      for(i=0;i<10;i++){
  21   3                              P0 = smg_array[9-i];
  22   3                              delay(50000);
  23   3                      }
  24   2                      //delay(300000);
  25   2                      
  26   2              }
  27   1      }


MODULE INFORMATION:   STATIC OVERLAYABLE
   CODE SIZE        =     74    ----
   CONSTANT SIZE    =     10    ----
   XDATA SIZE       =   ----    ----
   PDATA SIZE       =   ----    ----
   DATA SIZE        =   ----      12
   IDATA SIZE       =   ----    ----
   BIT SIZE         =   ----    ----
END OF MODULE INFORMATION.


C51 COMPILATION COMPLETE.  0 WARNING(S),  0 ERROR(S)
