C51 COMPILER V9.60.7.0   PUBLIC                                                            02/17/2024 15:58:56 PAGE 1   


C51 COMPILER V9.60.7.0, COMPILATION OF MODULE PUBLIC
OBJECT MODULE PLACED IN .\Objects\public.obj
COMPILER INVOKED BY: C:\Software\Keil\C51\BIN\C51.EXE public.c OPTIMIZE(8,SPEED) BROWSE DEBUG OBJECTEXTEND PRINT(.\Listi
                    -ngs\public.lst) OBJECT(.\Objects\public.obj)

line level    source

   1          #include "public.h"
   2          /** 
   3           **  @brief    通用函数
   4           **  @author   QIU
   5           **  @data     2023.09.03
   6           **/
   7          
   8          /*-------------------------------------------------------------------*/
   9          
  10          /**
  11           **  @brief   延时函数(10us)
  12           **  @param   t:0~65535，循环一次约10us
  13           **  @retval  无
  14           **/
  15          void delay_10us(u16 t){
  16   1              while(t--);
  17   1      }
  18          
  19          
  20          /**
  21           **  @brief   延时函数（ms）
  22           **  @param   t:0~65535,单位ms
  23           **  @retval  无
  24           **/
  25          void delay_ms(u16 t){
  26   1              while(t--){
  27   2                      delay_10us(100);
  28   2              }
  29   1      }
  30          
  31          
  32          
  33          
  34          
  35          
  36          /**
  37           **  @brief   整数转字符串
  38           **  @param   num：接受整型值
  39           **  @param   sign：是否带符号
  40           **  @retval  返回字符串指针
  41           **/
  42          u8 * int2String(int num, bit sign){
  43   1              static u8 str[8];
  44   1              
  45   1              // 是否带符号
  46   1              if(sign){
  47   2                      sprintf(str, "%d", num);
  48   2              }else{
  49   2                      sprintf(str, "%u", num);
  50   2              }
  51   1              // 返回指针
  52   1              return str;
  53   1      }
  54          
C51 COMPILER V9.60.7.0   PUBLIC                                                            02/17/2024 15:58:56 PAGE 2   

  55          
  56          /**
  57           **  @brief   浮点数转字符串
  58           **  @param   num：接受浮点数
  59           **  @param   len：指定精度，小数点位数0~6（四舍五入）
  60           **  @retval  返回字符串指针
  61           **/
  62          u8 * float2String(float num, int len){
  63   1              static u8 str[10];
  64   1              // *动态输入必须强转为int类型
  65   1              sprintf(str, "%.*f", len, num);
  66   1              // 返回指针
  67   1              return str;
  68   1      }


MODULE INFORMATION:   STATIC OVERLAYABLE
   CODE SIZE        =    123    ----
   CONSTANT SIZE    =     11    ----
   XDATA SIZE       =   ----    ----
   PDATA SIZE       =   ----    ----
   DATA SIZE        =     18       8
   IDATA SIZE       =   ----    ----
   BIT SIZE         =   ----       1
END OF MODULE INFORMATION.


C51 COMPILATION COMPLETE.  0 WARNING(S),  0 ERROR(S)
