C51 COMPILER V9.60.7.0   TIME                                                              09/03/2023 22:11:40 PAGE 1   


C51 COMPILER V9.60.7.0, COMPILATION OF MODULE TIME
OBJECT MODULE PLACED IN .\Objects\time.obj
COMPILER INVOKED BY: C:\Software\Keil\C51\BIN\C51.EXE time.c OPTIMIZE(8,SPEED) BROWSE DEBUG OBJECTEXTEND PRINT(.\Listing
                    -s\time.lst) OBJECT(.\Objects\time.obj)

line level    source

   1          #include "time.h"
   2          /** 
   3           **  @brief    定时器封装
   4           **  @author   QIU
   5           **  @data     2023.08.31
   6           **/
   7           
   8          /*-------------------------------------------------------------------*/
   9           
  10           
  11          /**
  12           **  @brief   定时器x的初始化
  13           **  @param   x：定时器x
  14           **  @retval  无
  15           **/
  16          void TIMEx_init(u8 x){
  17   1              if(x == 0){
  18   2                      //1.配置TMOD工作方式
  19   2                      TMOD |= 0x01; //配置定时器T0，同时不改变T1的配置
  20   2                      
  21   2                      //2.计算初值，存入TH0、TL0
  22   2                      TL0 = (65536-TIME0_INIT)%256; //低8位
  23   2                      TH0 = (65536-TIME0_INIT)/256; //高8位
  24   2                      
  25   2                      //3.打开中断总开关EA和定时器中断允许位ET0
  26   2                      EA = 1;
  27   2                      ET0 = 1;
  28   2                      
  29   2                      //4.打开定时器
  30   2                      TR0 = 1;
  31   2              }else if(x == 1){
  32   2                      //1.配置TMOD工作方式
  33   2                      TMOD |= 0x10; //配置定时器T1，同时不改变T0的配置
  34   2                      
  35   2                      //2.计算初值，存入TH1、TL1
  36   2                      TL1 = (65536-TIME1_INIT)%256; //低8位
  37   2                      TH1 = (65536-TIME1_INIT)/256; //高8位
  38   2                      
  39   2                      //3.打开中断总开关EA和定时器中断允许位ET1
  40   2                      EA = 1;
  41   2                      ET1 = 1;
  42   2                      
  43   2                      //4.打开定时器
  44   2                      TR1 = 1;
  45   2              }
  46   1              
  47   1      }
  48          
  49          
  50          
  51          // 定时器0的中断服务程序模板
  52          //void TIME0_serve() interrupt 1{
  53          //      TL0 = (65536-TIME0_INIT)%256; //低8位
  54          //      TH0 = (65536-TIME0_INIT)/256; //高8位
C51 COMPILER V9.60.7.0   TIME                                                              09/03/2023 22:11:40 PAGE 2   

  55          //}
  56          
  57          // 定时器1的中断服务程序模板
  58          //void TIME1_serve() interrupt 3{
  59          //      TL1 = (65536-TIME1_INIT)%256; //低8位
  60          //      TH1 = (65536-TIME1_INIT)/256; //高8位
  61          //}
  62          
  63          


MODULE INFORMATION:   STATIC OVERLAYABLE
   CODE SIZE        =     38    ----
   CONSTANT SIZE    =   ----    ----
   XDATA SIZE       =   ----    ----
   PDATA SIZE       =   ----    ----
   DATA SIZE        =   ----    ----
   IDATA SIZE       =   ----    ----
   BIT SIZE         =   ----    ----
END OF MODULE INFORMATION.


C51 COMPILATION COMPLETE.  0 WARNING(S),  0 ERROR(S)
