C51 COMPILER V9.60.7.0   MAIN                                                              01/28/2025 16:07:33 PAGE 1   


C51 COMPILER V9.60.7.0, COMPILATION OF MODULE MAIN
OBJECT MODULE PLACED IN .\Objects\main.obj
COMPILER INVOKED BY: C:\Software\Keil\C51\BIN\C51.EXE main.c OPTIMIZE(8,SPEED) BROWSE DEBUG OBJECTEXTEND PRINT(.\Listing
                    -s\main.lst) OBJECT(.\Objects\main.obj)

line level    source

   1          #include "LED_Matrix.h"
   2          /** 
   3           **  @brief    LED点阵大风车
   4           **  @author   QIU
   5           **  @date     2023.08.23
   6           **/
   7          /*-------------------------------------------------------------------*/
   8          #define SPEED 8 // 动画速度
   9          
  10          // 大风车动画数组
  11          u8 code WindMill_Animation_Array[] = {
  12                  0x40,0x63,0x36,0x1C,0x38,0x6C,0xC6,0x02,
  13                  0x0C,0x18,0x90,0xDE,0x7B,0x09,0x18,0x30,
  14                  0x02,0xC6,0x6C,0x38,0x1C,0x36,0x63,0x40,
  15          };
  16          
  17          
  18          int main(void){
  19   1              // i为当前点亮的LED列号；
  20   1              // t为计数器，用于记录进入下一帧画面的时间；
  21   1              // step为当前帧数（8的倍数）
  22   1              u8 i, t=0, step=0;
  23   1              while(1){
  24   2                      for(i=0;i<8;i++){
  25   3                              LED_Animation_Show(i, WindMill_Animation_Array[i+step]);
  26   3                      }
  27   2                      t++;
  28   2                      if(t > SPEED){
  29   3                              t = 0;
  30   3                              step += 8;
  31   3                              if(step > sizeof(WindMill_Animation_Array)/sizeof(WindMill_Animation_Array[0]) - 8){
  32   4                                      step = 0;
  33   4                              }
  34   3                      }
  35   2              }
  36   1      }


MODULE INFORMATION:   STATIC OVERLAYABLE
   CODE SIZE        =     59    ----
   CONSTANT SIZE    =     24    ----
   XDATA SIZE       =   ----    ----
   PDATA SIZE       =   ----    ----
   DATA SIZE        =   ----       3
   IDATA SIZE       =   ----    ----
   BIT SIZE         =   ----    ----
END OF MODULE INFORMATION.


C51 COMPILATION COMPLETE.  0 WARNING(S),  0 ERROR(S)
